<?xml version="1.0" encoding="UTF-8"?>
<testsuites name="Suite MOZ-10510" time="98.224" tests="10" failures="9" errors="1">
   <testsuite name="Suite MOZ-10510" tests="10" failures="9" errors="1" time="98.224" skipped="0" timestamp="20-10-2024T16:37:02" hostname="ranajit.vadar - CCE0231.accelya.local" id="Test Suites/Suite MOZ-10510">
      <properties>
         <property name="deviceName" value=""/>
         <property name="devicePlatform"/>
         <property name="logFolder" value="C:\\Users\\ranjit.vadar\\Katalon Studio\\Mozart Emirates\\Reports\\20241020_163629\\Suite MOZ-10510\\20241020_163632"/>
         <property name="logFiles" value="C:\\Users\\ranjit.vadar\\Katalon Studio\\Mozart Emirates\\Reports\\20241020_163629\\Suite MOZ-10510\\20241020_163632\\execution0.log"/>
         <property name="attachments" value=""/>
         <property name="hostName" value="ranajit.vadar - CCE0231.accelya.local"/>
         <property name="hostAddress" value="192.168.1.6"/>
         <property name="os" value="Windows 11 64bit"/>
         <property name="katalonVersion" value="9.5.0.217"/>
      </properties>
      <testcase name="Test Cases/MOZ-10510/TC10_MOZ_11451 Display of Refundable Amount and FOP in the Grid" time="19.308" classname="Test Cases/MOZ-10510/TC10_MOZ_11451 Display of Refundable Amount and FOP in the Grid" status="FAILED">
         <failure type="FAILED" message="Test Cases/MOZ-10510/TC10_MOZ_11451 Display of Refundable Amount and FOP in the Grid FAILED.&#xa;Reason:&#xa;com.kms.katalon.core.exception.StepFailedException: Unable to open browser with url: ''&#xa;	at com.kms.katalon.core.webui.keyword.internal.WebUIKeywordMain.stepFailed(WebUIKeywordMain.groovy:64)&#xa;	at com.kms.katalon.core.webui.keyword.internal.WebUIKeywordMain.runKeyword(WebUIKeywordMain.groovy:26)&#xa;	at com.kms.katalon.core.webui.keyword.builtin.OpenBrowserKeyword.openBrowser(OpenBrowserKeyword.groovy:81)&#xa;	at com.kms.katalon.core.webui.keyword.builtin.OpenBrowserKeyword.execute(OpenBrowserKeyword.groovy:67)&#xa;	at com.kms.katalon.core.keyword.internal.KeywordExecutor.executeKeywordForPlatform(KeywordExecutor.groovy:74)&#xa;	at com.kms.katalon.core.webui.keyword.WebUiBuiltInKeywords.openBrowser(WebUiBuiltInKeywords.groovy:64)&#xa;	at demoPackage.MozartLogin.LoginWithChromeForEK(MozartLogin.groovy:47)&#xa;	at java.base/jdk.internal.reflect.NativeMethodAccessorImpl.invoke0(Native Method)&#xa;	at java.base/jdk.internal.reflect.NativeMethodAccessorImpl.invoke(NativeMethodAccessorImpl.java:77)&#xa;	at java.base/jdk.internal.reflect.DelegatingMethodAccessorImpl.invoke(DelegatingMethodAccessorImpl.java:43)&#xa;	at com.kms.katalon.core.main.CustomKeywordDelegatingMetaClass.invokeStaticMethod(CustomKeywordDelegatingMetaClass.java:55)&#xa;	at TC10_MOZ_11451 Display of Refundable Amount and FOP in the Grid.run(TC10_MOZ_11451 Display of Refundable Amount and FOP in the Grid:40)&#xa;	at com.kms.katalon.core.main.ScriptEngine.run(ScriptEngine.java:194)&#xa;	at com.kms.katalon.core.main.ScriptEngine.runScriptAsRawText(ScriptEngine.java:119)&#xa;	at com.kms.katalon.core.main.TestCaseExecutor.runScript(TestCaseExecutor.java:448)&#xa;	at com.kms.katalon.core.main.TestCaseExecutor.doExecute(TestCaseExecutor.java:439)&#xa;	at com.kms.katalon.core.main.TestCaseExecutor.processExecutionPhase(TestCaseExecutor.java:418)&#xa;	at com.kms.katalon.core.main.TestCaseExecutor.accessMainPhase(TestCaseExecutor.java:410)&#xa;	at com.kms.katalon.core.main.TestCaseExecutor.execute(TestCaseExecutor.java:285)&#xa;	at com.kms.katalon.core.common.CommonExecutor.accessTestCaseMainPhase(CommonExecutor.java:65)&#xa;	at com.kms.katalon.core.main.TestSuiteExecutor.accessTestSuiteMainPhase(TestSuiteExecutor.java:150)&#xa;	at com.kms.katalon.core.main.TestSuiteExecutor.execute(TestSuiteExecutor.java:106)&#xa;	at com.kms.katalon.core.main.TestCaseMain.startTestSuite(TestCaseMain.java:180)&#xa;	at TempTestSuite1729422392090.run(TempTestSuite1729422392090.groovy:35)&#xa;	at java.base/jdk.internal.reflect.NativeMethodAccessorImpl.invoke0(Native Method)&#xa;	at java.base/jdk.internal.reflect.NativeMethodAccessorImpl.invoke(NativeMethodAccessorImpl.java:77)&#xa;	at java.base/jdk.internal.reflect.DelegatingMethodAccessorImpl.invoke(DelegatingMethodAccessorImpl.java:43)&#xa;Caused by: org.openqa.selenium.SessionNotCreatedException: session not created: This version of ChromeDriver only supports Chrome version 128&#xa;Current browser version is 130.0.6723.58 with binary path C:\Program Files\Google\Chrome\Application\chrome.exe&#xa;Build info: version: '3.141.59', revision: 'unknown', time: 'unknown'&#xa;System info: host: 'CCE0231', ip: '192.168.1.6', os.name: 'Windows 11', os.arch: 'amd64', os.version: '10.0', java.version: '17.0.7'&#xa;Driver info: driver.version: CChromeDriver&#xa;remote stacktrace: 	GetHandleVerifier [0x00007FF7D681B5D2+29090]&#xa;	(No symbol) [0x00007FF7D678E689]&#xa;	(No symbol) [0x00007FF7D664B1CA]&#xa;	(No symbol) [0x00007FF7D668D6B2]&#xa;	(No symbol) [0x00007FF7D668C751]&#xa;	(No symbol) [0x00007FF7D668729C]&#xa;	(No symbol) [0x00007FF7D6681E0A]&#xa;	(No symbol) [0x00007FF7D66D236D]&#xa;	(No symbol) [0x00007FF7D66D1A20]&#xa;	(No symbol) [0x00007FF7D66C6493]&#xa;	(No symbol) [0x00007FF7D66909B1]&#xa;	(No symbol) [0x00007FF7D6691B11]&#xa;	GetHandleVerifier [0x00007FF7D6B38C5D+3295277]&#xa;	GetHandleVerifier [0x00007FF7D6B84843+3605523]&#xa;	GetHandleVerifier [0x00007FF7D6B7A707+3564247]&#xa;	GetHandleVerifier [0x00007FF7D68D6EB6+797318]&#xa;	(No symbol) [0x00007FF7D679980F]&#xa;	(No symbol) [0x00007FF7D67953F4]&#xa;	(No symbol) [0x00007FF7D6795580]&#xa;	(No symbol) [0x00007FF7D6784A1F]&#xa;	BaseThreadInitThunk [0x00007FFFFF49257D+29]&#xa;	RtlUserThreadStart [0x00007FFFFFE2AF08+40]&#xa;&#xa;	at java.base/jdk.internal.reflect.NativeConstructorAccessorImpl.newInstance0(Native Method)&#xa;	at java.base/jdk.internal.reflect.NativeConstructorAccessorImpl.newInstance(NativeConstructorAccessorImpl.java:77)&#xa;	at java.base/jdk.internal.reflect.DelegatingConstructorAccessorImpl.newInstance(DelegatingConstructorAccessorImpl.java:45)&#xa;	at org.openqa.selenium.remote.W3CHandshakeResponse.lambda$errorHandler$0(W3CHandshakeResponse.java:62)&#xa;	at org.openqa.selenium.remote.HandshakeResponse.lambda$getResponseFunction$0(HandshakeResponse.java:30)&#xa;	at org.openqa.selenium.remote.ProtocolHandshake.lambda$createSession$0(ProtocolHandshake.java:126)&#xa;	at org.openqa.selenium.remote.ProtocolHandshake.createSession(ProtocolHandshake.java:128)&#xa;	at org.openqa.selenium.remote.ProtocolHandshake.createSession(ProtocolHandshake.java:74)&#xa;	at org.openqa.selenium.remote.HttpCommandExecutor.execute(HttpCommandExecutor.java:136)&#xa;	at org.openqa.selenium.remote.service.DriverCommandExecutor.execute(DriverCommandExecutor.java:83)&#xa;	at org.openqa.selenium.remote.RemoteWebDriver.execute(RemoteWebDriver.java:552)&#xa;	at com.kms.katalon.selenium.driver.CChromeDriver.execute(CChromeDriver.java:19)&#xa;	at org.openqa.selenium.remote.RemoteWebDriver.startSession(RemoteWebDriver.java:213)&#xa;	at org.openqa.selenium.remote.RemoteWebDriver.&lt;init>(RemoteWebDriver.java:131)&#xa;	at org.openqa.selenium.chrome.ChromeDriver.&lt;init>(ChromeDriver.java:181)&#xa;	at org.openqa.selenium.chrome.ChromeDriver.&lt;init>(ChromeDriver.java:147)&#xa;	at com.kms.katalon.selenium.driver.CChromeDriver.&lt;init>(CChromeDriver.java:13)&#xa;	at com.kms.katalon.core.webui.driver.DriverFactory.createNewChromeDriver(DriverFactory.java:449)&#xa;	at com.kms.katalon.core.webui.driver.DriverFactory.startNewBrowser(DriverFactory.java:382)&#xa;	at com.kms.katalon.core.webui.driver.DriverFactory.openWebDriver(DriverFactory.java:271)&#xa;	at com.kms.katalon.core.webui.keyword.builtin.OpenBrowserKeyword$_openBrowser_closure1.doCall(OpenBrowserKeyword.groovy:74)&#xa;	at com.kms.katalon.core.webui.keyword.builtin.OpenBrowserKeyword$_openBrowser_closure1.call(OpenBrowserKeyword.groovy)&#xa;	at com.kms.katalon.core.webui.keyword.internal.WebUIKeywordMain.runKeyword(WebUIKeywordMain.groovy:20)&#xa;	... 25 more&#xa;"/>
         <system-out><![CDATA[20-10-2024T16:37:03 - [TEST_CASE][FAILED] - Test Cases/MOZ-10510/TC10_MOZ_11451 Display of Refundable Amount and FOP in the Grid: Test Cases/MOZ-10510/TC10_MOZ_11451 Display of Refundable Amount and FOP in the Grid FAILED.
Reason:
com.kms.katalon.core.exception.StepFailedException: Unable to open browser with url: ''
	at com.kms.katalon.core.webui.keyword.internal.WebUIKeywordMain.stepFailed(WebUIKeywordMain.groovy:64)
	at com.kms.katalon.core.webui.keyword.internal.WebUIKeywordMain.runKeyword(WebUIKeywordMain.groovy:26)
	at com.kms.katalon.core.webui.keyword.builtin.OpenBrowserKeyword.openBrowser(OpenBrowserKeyword.groovy:81)
	at com.kms.katalon.core.webui.keyword.builtin.OpenBrowserKeyword.execute(OpenBrowserKeyword.groovy:67)
	at com.kms.katalon.core.keyword.internal.KeywordExecutor.executeKeywordForPlatform(KeywordExecutor.groovy:74)
	at com.kms.katalon.core.webui.keyword.WebUiBuiltInKeywords.openBrowser(WebUiBuiltInKeywords.groovy:64)
	at demoPackage.MozartLogin.LoginWithChromeForEK(MozartLogin.groovy:47)
	at java.base/jdk.internal.reflect.NativeMethodAccessorImpl.invoke0(Native Method)
	at java.base/jdk.internal.reflect.NativeMethodAccessorImpl.invoke(NativeMethodAccessorImpl.java:77)
	at java.base/jdk.internal.reflect.DelegatingMethodAccessorImpl.invoke(DelegatingMethodAccessorImpl.java:43)
	at com.kms.katalon.core.main.CustomKeywordDelegatingMetaClass.invokeStaticMethod(CustomKeywordDelegatingMetaClass.java:55)
	at TC10_MOZ_11451 Display of Refundable Amount and FOP in the Grid.run(TC10_MOZ_11451 Display of Refundable Amount and FOP in the Grid:40)
	at com.kms.katalon.core.main.ScriptEngine.run(ScriptEngine.java:194)
	at com.kms.katalon.core.main.ScriptEngine.runScriptAsRawText(ScriptEngine.java:119)
	at com.kms.katalon.core.main.TestCaseExecutor.runScript(TestCaseExecutor.java:448)
	at com.kms.katalon.core.main.TestCaseExecutor.doExecute(TestCaseExecutor.java:439)
	at com.kms.katalon.core.main.TestCaseExecutor.processExecutionPhase(TestCaseExecutor.java:418)
	at com.kms.katalon.core.main.TestCaseExecutor.accessMainPhase(TestCaseExecutor.java:410)
	at com.kms.katalon.core.main.TestCaseExecutor.execute(TestCaseExecutor.java:285)
	at com.kms.katalon.core.common.CommonExecutor.accessTestCaseMainPhase(CommonExecutor.java:65)
	at com.kms.katalon.core.main.TestSuiteExecutor.accessTestSuiteMainPhase(TestSuiteExecutor.java:150)
	at com.kms.katalon.core.main.TestSuiteExecutor.execute(TestSuiteExecutor.java:106)
	at com.kms.katalon.core.main.TestCaseMain.startTestSuite(TestCaseMain.java:180)
	at TempTestSuite1729422392090.run(TempTestSuite1729422392090.groovy:35)
	at java.base/jdk.internal.reflect.NativeMethodAccessorImpl.invoke0(Native Method)
	at java.base/jdk.internal.reflect.NativeMethodAccessorImpl.invoke(NativeMethodAccessorImpl.java:77)
	at java.base/jdk.internal.reflect.DelegatingMethodAccessorImpl.invoke(DelegatingMethodAccessorImpl.java:43)
Caused by: org.openqa.selenium.SessionNotCreatedException: session not created: This version of ChromeDriver only supports Chrome version 128
Current browser version is 130.0.6723.58 with binary path C:\Program Files\Google\Chrome\Application\chrome.exe
Build info: version: '3.141.59', revision: 'unknown', time: 'unknown'
System info: host: 'CCE0231', ip: '192.168.1.6', os.name: 'Windows 11', os.arch: 'amd64', os.version: '10.0', java.version: '17.0.7'
Driver info: driver.version: CChromeDriver
remote stacktrace: 	GetHandleVerifier [0x00007FF7D681B5D2+29090]
	(No symbol) [0x00007FF7D678E689]
	(No symbol) [0x00007FF7D664B1CA]
	(No symbol) [0x00007FF7D668D6B2]
	(No symbol) [0x00007FF7D668C751]
	(No symbol) [0x00007FF7D668729C]
	(No symbol) [0x00007FF7D6681E0A]
	(No symbol) [0x00007FF7D66D236D]
	(No symbol) [0x00007FF7D66D1A20]
	(No symbol) [0x00007FF7D66C6493]
	(No symbol) [0x00007FF7D66909B1]
	(No symbol) [0x00007FF7D6691B11]
	GetHandleVerifier [0x00007FF7D6B38C5D+3295277]
	GetHandleVerifier [0x00007FF7D6B84843+3605523]
	GetHandleVerifier [0x00007FF7D6B7A707+3564247]
	GetHandleVerifier [0x00007FF7D68D6EB6+797318]
	(No symbol) [0x00007FF7D679980F]
	(No symbol) [0x00007FF7D67953F4]
	(No symbol) [0x00007FF7D6795580]
	(No symbol) [0x00007FF7D6784A1F]
	BaseThreadInitThunk [0x00007FFFFF49257D+29]
	RtlUserThreadStart [0x00007FFFFFE2AF08+40]

	at java.base/jdk.internal.reflect.NativeConstructorAccessorImpl.newInstance0(Native Method)
	at java.base/jdk.internal.reflect.NativeConstructorAccessorImpl.newInstance(NativeConstructorAccessorImpl.java:77)
	at java.base/jdk.internal.reflect.DelegatingConstructorAccessorImpl.newInstance(DelegatingConstructorAccessorImpl.java:45)
	at org.openqa.selenium.remote.W3CHandshakeResponse.lambda$errorHandler$0(W3CHandshakeResponse.java:62)
	at org.openqa.selenium.remote.HandshakeResponse.lambda$getResponseFunction$0(HandshakeResponse.java:30)
	at org.openqa.selenium.remote.ProtocolHandshake.lambda$createSession$0(ProtocolHandshake.java:126)
	at org.openqa.selenium.remote.ProtocolHandshake.createSession(ProtocolHandshake.java:128)
	at org.openqa.selenium.remote.ProtocolHandshake.createSession(ProtocolHandshake.java:74)
	at org.openqa.selenium.remote.HttpCommandExecutor.execute(HttpCommandExecutor.java:136)
	at org.openqa.selenium.remote.service.DriverCommandExecutor.execute(DriverCommandExecutor.java:83)
	at org.openqa.selenium.remote.RemoteWebDriver.execute(RemoteWebDriver.java:552)
	at com.kms.katalon.selenium.driver.CChromeDriver.execute(CChromeDriver.java:19)
	at org.openqa.selenium.remote.RemoteWebDriver.startSession(RemoteWebDriver.java:213)
	at org.openqa.selenium.remote.RemoteWebDriver.<init>(RemoteWebDriver.java:131)
	at org.openqa.selenium.chrome.ChromeDriver.<init>(ChromeDriver.java:181)
	at org.openqa.selenium.chrome.ChromeDriver.<init>(ChromeDriver.java:147)
	at com.kms.katalon.selenium.driver.CChromeDriver.<init>(CChromeDriver.java:13)
	at com.kms.katalon.core.webui.driver.DriverFactory.createNewChromeDriver(DriverFactory.java:449)
	at com.kms.katalon.core.webui.driver.DriverFactory.startNewBrowser(DriverFactory.java:382)
	at com.kms.katalon.core.webui.driver.DriverFactory.openWebDriver(DriverFactory.java:271)
	at com.kms.katalon.core.webui.keyword.builtin.OpenBrowserKeyword$_openBrowser_closure1.doCall(OpenBrowserKeyword.groovy:74)
	at com.kms.katalon.core.webui.keyword.builtin.OpenBrowserKeyword$_openBrowser_closure1.call(OpenBrowserKeyword.groovy)
	at com.kms.katalon.core.webui.keyword.internal.WebUIKeywordMain.runKeyword(WebUIKeywordMain.groovy:20)
	... 25 more


20-10-2024T16:37:05 - [TEST_STEP][PASSED] - requestIdValue = "O062400001": null

20-10-2024T16:37:05 - [TEST_STEP][PASSED] - sqlQuery = "select * from bdmozart.md_rfnd_local_settlement where idrequest = 'O062400001'": null

20-10-2024T16:37:05 - [TEST_STEP][PASSED] - fop_types_dbValue = database.DatabaseUtils.executeQuery(sqlQuery, "fop_types", 1): database.DatabaseUtils.executeQuery is PASSED

20-10-2024T16:37:11 - [MESSAGE][PASSED] - database.DatabaseUtils.executeQuery is PASSED

20-10-2024T16:37:11 - [TEST_STEP][PASSED] - paid_amount_dbValue = database.DatabaseUtils.executeQuery(sqlQuery, "balanceamounttotal", 1): database.DatabaseUtils.executeQuery is PASSED

20-10-2024T16:37:16 - [MESSAGE][PASSED] - database.DatabaseUtils.executeQuery is PASSED

20-10-2024T16:37:16 - [TEST_STEP][PASSED] - value = paid_amount_dbValue: null

20-10-2024T16:37:16 - [TEST_STEP][PASSED] - doubleValue = Double.parseDouble(value): null

20-10-2024T16:37:16 - [TEST_STEP][PASSED] - paid_amount_dbValue_int = doubleValue: null

20-10-2024T16:37:16 - [TEST_STEP][PASSED] - paid_amount_dbValue = paid_amount_dbValue_int.toString(): null

20-10-2024T16:37:16 - [TEST_STEP][PASSED] - out.println(paid_amount_dbValue): null

20-10-2024T16:37:16 - [TEST_STEP][FAILED] - demoPackage.MozartLogin.LoginWithChromeForEK(): Unable to open browser with url: ''

20-10-2024T16:37:18 - [MESSAGE][INFO] - Starting 'Chrome' driver

20-10-2024T16:37:18 - [MESSAGE][INFO] - Action delay is set to 0 milliseconds

20-10-2024T16:37:22 - [MESSAGE][FAILED] - Unable to open browser with url: '' (Root cause: com.kms.katalon.core.exception.StepFailedException: Unable to open browser with url: ''
	at com.kms.katalon.core.webui.keyword.internal.WebUIKeywordMain.stepFailed(WebUIKeywordMain.groovy:64)
	at com.kms.katalon.core.webui.keyword.internal.WebUIKeywordMain.runKeyword(WebUIKeywordMain.groovy:26)
	at com.kms.katalon.core.webui.keyword.builtin.OpenBrowserKeyword.openBrowser(OpenBrowserKeyword.groovy:81)
	at com.kms.katalon.core.webui.keyword.builtin.OpenBrowserKeyword.execute(OpenBrowserKeyword.groovy:67)
	at com.kms.katalon.core.keyword.internal.KeywordExecutor.executeKeywordForPlatform(KeywordExecutor.groovy:74)
	at com.kms.katalon.core.webui.keyword.WebUiBuiltInKeywords.openBrowser(WebUiBuiltInKeywords.groovy:64)
	at demoPackage.MozartLogin.LoginWithChromeForEK(MozartLogin.groovy:47)
	at java.base/jdk.internal.reflect.NativeMethodAccessorImpl.invoke0(Native Method)
	at java.base/jdk.internal.reflect.NativeMethodAccessorImpl.invoke(NativeMethodAccessorImpl.java:77)
	at java.base/jdk.internal.reflect.DelegatingMethodAccessorImpl.invoke(DelegatingMethodAccessorImpl.java:43)
	at com.kms.katalon.core.main.CustomKeywordDelegatingMetaClass.invokeStaticMethod(CustomKeywordDelegatingMetaClass.java:55)
	at TC10_MOZ_11451 Display of Refundable Amount and FOP in the Grid.run(TC10_MOZ_11451 Display of Refundable Amount and FOP in the Grid:40)
	at com.kms.katalon.core.main.ScriptEngine.run(ScriptEngine.java:194)
	at com.kms.katalon.core.main.ScriptEngine.runScriptAsRawText(ScriptEngine.java:119)
	at com.kms.katalon.core.main.TestCaseExecutor.runScript(TestCaseExecutor.java:448)
	at com.kms.katalon.core.main.TestCaseExecutor.doExecute(TestCaseExecutor.java:439)
	at com.kms.katalon.core.main.TestCaseExecutor.processExecutionPhase(TestCaseExecutor.java:418)
	at com.kms.katalon.core.main.TestCaseExecutor.accessMainPhase(TestCaseExecutor.java:410)
	at com.kms.katalon.core.main.TestCaseExecutor.execute(TestCaseExecutor.java:285)
	at com.kms.katalon.core.common.CommonExecutor.accessTestCaseMainPhase(CommonExecutor.java:65)
	at com.kms.katalon.core.main.TestSuiteExecutor.accessTestSuiteMainPhase(TestSuiteExecutor.java:150)
	at com.kms.katalon.core.main.TestSuiteExecutor.execute(TestSuiteExecutor.java:106)
	at com.kms.katalon.core.main.TestCaseMain.startTestSuite(TestCaseMain.java:180)
	at TempTestSuite1729422392090.run(TempTestSuite1729422392090.groovy:35)
	at java.base/jdk.internal.reflect.NativeMethodAccessorImpl.invoke0(Native Method)
	at java.base/jdk.internal.reflect.NativeMethodAccessorImpl.invoke(NativeMethodAccessorImpl.java:77)
	at java.base/jdk.internal.reflect.DelegatingMethodAccessorImpl.invoke(DelegatingMethodAccessorImpl.java:43)
Caused by: org.openqa.selenium.SessionNotCreatedException: session not created: This version of ChromeDriver only supports Chrome version 128
Current browser version is 130.0.6723.58 with binary path C:\Program Files\Google\Chrome\Application\chrome.exe
Build info: version: '3.141.59', revision: 'unknown', time: 'unknown'
System info: host: 'CCE0231', ip: '192.168.1.6', os.name: 'Windows 11', os.arch: 'amd64', os.version: '10.0', java.version: '17.0.7'
Driver info: driver.version: CChromeDriver
remote stacktrace: 	GetHandleVerifier [0x00007FF7D681B5D2+29090]
	(No symbol) [0x00007FF7D678E689]
	(No symbol) [0x00007FF7D664B1CA]
	(No symbol) [0x00007FF7D668D6B2]
	(No symbol) [0x00007FF7D668C751]
	(No symbol) [0x00007FF7D668729C]
	(No symbol) [0x00007FF7D6681E0A]
	(No symbol) [0x00007FF7D66D236D]
	(No symbol) [0x00007FF7D66D1A20]
	(No symbol) [0x00007FF7D66C6493]
	(No symbol) [0x00007FF7D66909B1]
	(No symbol) [0x00007FF7D6691B11]
	GetHandleVerifier [0x00007FF7D6B38C5D+3295277]
	GetHandleVerifier [0x00007FF7D6B84843+3605523]
	GetHandleVerifier [0x00007FF7D6B7A707+3564247]
	GetHandleVerifier [0x00007FF7D68D6EB6+797318]
	(No symbol) [0x00007FF7D679980F]
	(No symbol) [0x00007FF7D67953F4]
	(No symbol) [0x00007FF7D6795580]
	(No symbol) [0x00007FF7D6784A1F]
	BaseThreadInitThunk [0x00007FFFFF49257D+29]
	RtlUserThreadStart [0x00007FFFFFE2AF08+40]

	at java.base/jdk.internal.reflect.NativeConstructorAccessorImpl.newInstance0(Native Method)
	at java.base/jdk.internal.reflect.NativeConstructorAccessorImpl.newInstance(NativeConstructorAccessorImpl.java:77)
	at java.base/jdk.internal.reflect.DelegatingConstructorAccessorImpl.newInstance(DelegatingConstructorAccessorImpl.java:45)
	at org.openqa.selenium.remote.W3CHandshakeResponse.lambda$errorHandler$0(W3CHandshakeResponse.java:62)
	at org.openqa.selenium.remote.HandshakeResponse.lambda$getResponseFunction$0(HandshakeResponse.java:30)
	at org.openqa.selenium.remote.ProtocolHandshake.lambda$createSession$0(ProtocolHandshake.java:126)
	at org.openqa.selenium.remote.ProtocolHandshake.createSession(ProtocolHandshake.java:128)
	at org.openqa.selenium.remote.ProtocolHandshake.createSession(ProtocolHandshake.java:74)
	at org.openqa.selenium.remote.HttpCommandExecutor.execute(HttpCommandExecutor.java:136)
	at org.openqa.selenium.remote.service.DriverCommandExecutor.execute(DriverCommandExecutor.java:83)
	at org.openqa.selenium.remote.RemoteWebDriver.execute(RemoteWebDriver.java:552)
	at com.kms.katalon.selenium.driver.CChromeDriver.execute(CChromeDriver.java:19)
	at org.openqa.selenium.remote.RemoteWebDriver.startSession(RemoteWebDriver.java:213)
	at org.openqa.selenium.remote.RemoteWebDriver.<init>(RemoteWebDriver.java:131)
	at org.openqa.selenium.chrome.ChromeDriver.<init>(ChromeDriver.java:181)
	at org.openqa.selenium.chrome.ChromeDriver.<init>(ChromeDriver.java:147)
	at com.kms.katalon.selenium.driver.CChromeDriver.<init>(CChromeDriver.java:13)
	at com.kms.katalon.core.webui.driver.DriverFactory.createNewChromeDriver(DriverFactory.java:449)
	at com.kms.katalon.core.webui.driver.DriverFactory.startNewBrowser(DriverFactory.java:382)
	at com.kms.katalon.core.webui.driver.DriverFactory.openWebDriver(DriverFactory.java:271)
	at com.kms.katalon.core.webui.keyword.builtin.OpenBrowserKeyword$_openBrowser_closure1.doCall(OpenBrowserKeyword.groovy:74)
	at com.kms.katalon.core.webui.keyword.builtin.OpenBrowserKeyword$_openBrowser_closure1.call(OpenBrowserKeyword.groovy)
	at com.kms.katalon.core.webui.keyword.internal.WebUIKeywordMain.runKeyword(WebUIKeywordMain.groovy:20)
	at com.kms.katalon.core.webui.keyword.builtin.OpenBrowserKeyword.openBrowser(OpenBrowserKeyword.groovy:81)
	at com.kms.katalon.core.webui.keyword.builtin.OpenBrowserKeyword.execute(OpenBrowserKeyword.groovy:67)
	at com.kms.katalon.core.keyword.internal.KeywordExecutor.executeKeywordForPlatform(KeywordExecutor.groovy:74)
	at com.kms.katalon.core.webui.keyword.WebUiBuiltInKeywords.openBrowser(WebUiBuiltInKeywords.groovy:64)
	at demoPackage.MozartLogin.LoginWithChromeForEK(MozartLogin.groovy:47)
	at java.base/jdk.internal.reflect.NativeMethodAccessorImpl.invoke0(Native Method)
	at java.base/jdk.internal.reflect.NativeMethodAccessorImpl.invoke(NativeMethodAccessorImpl.java:77)
	at java.base/jdk.internal.reflect.DelegatingMethodAccessorImpl.invoke(DelegatingMethodAccessorImpl.java:43)
	at com.kms.katalon.core.main.CustomKeywordDelegatingMetaClass.invokeStaticMethod(CustomKeywordDelegatingMetaClass.java:55)
	at Script1724755128750.run(Script1724755128750.groovy:40)
	... 15 more
)

20-10-2024T16:37:22 - [MESSAGE][FAILED] - Unable to open browser with url: '']]></system-out>
         <system-err><![CDATA[20-10-2024T16:37:03 - [TEST_CASE][FAILED] - Test Cases/MOZ-10510/TC10_MOZ_11451 Display of Refundable Amount and FOP in the Grid: Test Cases/MOZ-10510/TC10_MOZ_11451 Display of Refundable Amount and FOP in the Grid FAILED.
Reason:
com.kms.katalon.core.exception.StepFailedException: Unable to open browser with url: ''
	at com.kms.katalon.core.webui.keyword.internal.WebUIKeywordMain.stepFailed(WebUIKeywordMain.groovy:64)
	at com.kms.katalon.core.webui.keyword.internal.WebUIKeywordMain.runKeyword(WebUIKeywordMain.groovy:26)
	at com.kms.katalon.core.webui.keyword.builtin.OpenBrowserKeyword.openBrowser(OpenBrowserKeyword.groovy:81)
	at com.kms.katalon.core.webui.keyword.builtin.OpenBrowserKeyword.execute(OpenBrowserKeyword.groovy:67)
	at com.kms.katalon.core.keyword.internal.KeywordExecutor.executeKeywordForPlatform(KeywordExecutor.groovy:74)
	at com.kms.katalon.core.webui.keyword.WebUiBuiltInKeywords.openBrowser(WebUiBuiltInKeywords.groovy:64)
	at demoPackage.MozartLogin.LoginWithChromeForEK(MozartLogin.groovy:47)
	at java.base/jdk.internal.reflect.NativeMethodAccessorImpl.invoke0(Native Method)
	at java.base/jdk.internal.reflect.NativeMethodAccessorImpl.invoke(NativeMethodAccessorImpl.java:77)
	at java.base/jdk.internal.reflect.DelegatingMethodAccessorImpl.invoke(DelegatingMethodAccessorImpl.java:43)
	at com.kms.katalon.core.main.CustomKeywordDelegatingMetaClass.invokeStaticMethod(CustomKeywordDelegatingMetaClass.java:55)
	at TC10_MOZ_11451 Display of Refundable Amount and FOP in the Grid.run(TC10_MOZ_11451 Display of Refundable Amount and FOP in the Grid:40)
	at com.kms.katalon.core.main.ScriptEngine.run(ScriptEngine.java:194)
	at com.kms.katalon.core.main.ScriptEngine.runScriptAsRawText(ScriptEngine.java:119)
	at com.kms.katalon.core.main.TestCaseExecutor.runScript(TestCaseExecutor.java:448)
	at com.kms.katalon.core.main.TestCaseExecutor.doExecute(TestCaseExecutor.java:439)
	at com.kms.katalon.core.main.TestCaseExecutor.processExecutionPhase(TestCaseExecutor.java:418)
	at com.kms.katalon.core.main.TestCaseExecutor.accessMainPhase(TestCaseExecutor.java:410)
	at com.kms.katalon.core.main.TestCaseExecutor.execute(TestCaseExecutor.java:285)
	at com.kms.katalon.core.common.CommonExecutor.accessTestCaseMainPhase(CommonExecutor.java:65)
	at com.kms.katalon.core.main.TestSuiteExecutor.accessTestSuiteMainPhase(TestSuiteExecutor.java:150)
	at com.kms.katalon.core.main.TestSuiteExecutor.execute(TestSuiteExecutor.java:106)
	at com.kms.katalon.core.main.TestCaseMain.startTestSuite(TestCaseMain.java:180)
	at TempTestSuite1729422392090.run(TempTestSuite1729422392090.groovy:35)
	at java.base/jdk.internal.reflect.NativeMethodAccessorImpl.invoke0(Native Method)
	at java.base/jdk.internal.reflect.NativeMethodAccessorImpl.invoke(NativeMethodAccessorImpl.java:77)
	at java.base/jdk.internal.reflect.DelegatingMethodAccessorImpl.invoke(DelegatingMethodAccessorImpl.java:43)
Caused by: org.openqa.selenium.SessionNotCreatedException: session not created: This version of ChromeDriver only supports Chrome version 128
Current browser version is 130.0.6723.58 with binary path C:\Program Files\Google\Chrome\Application\chrome.exe
Build info: version: '3.141.59', revision: 'unknown', time: 'unknown'
System info: host: 'CCE0231', ip: '192.168.1.6', os.name: 'Windows 11', os.arch: 'amd64', os.version: '10.0', java.version: '17.0.7'
Driver info: driver.version: CChromeDriver
remote stacktrace: 	GetHandleVerifier [0x00007FF7D681B5D2+29090]
	(No symbol) [0x00007FF7D678E689]
	(No symbol) [0x00007FF7D664B1CA]
	(No symbol) [0x00007FF7D668D6B2]
	(No symbol) [0x00007FF7D668C751]
	(No symbol) [0x00007FF7D668729C]
	(No symbol) [0x00007FF7D6681E0A]
	(No symbol) [0x00007FF7D66D236D]
	(No symbol) [0x00007FF7D66D1A20]
	(No symbol) [0x00007FF7D66C6493]
	(No symbol) [0x00007FF7D66909B1]
	(No symbol) [0x00007FF7D6691B11]
	GetHandleVerifier [0x00007FF7D6B38C5D+3295277]
	GetHandleVerifier [0x00007FF7D6B84843+3605523]
	GetHandleVerifier [0x00007FF7D6B7A707+3564247]
	GetHandleVerifier [0x00007FF7D68D6EB6+797318]
	(No symbol) [0x00007FF7D679980F]
	(No symbol) [0x00007FF7D67953F4]
	(No symbol) [0x00007FF7D6795580]
	(No symbol) [0x00007FF7D6784A1F]
	BaseThreadInitThunk [0x00007FFFFF49257D+29]
	RtlUserThreadStart [0x00007FFFFFE2AF08+40]

	at java.base/jdk.internal.reflect.NativeConstructorAccessorImpl.newInstance0(Native Method)
	at java.base/jdk.internal.reflect.NativeConstructorAccessorImpl.newInstance(NativeConstructorAccessorImpl.java:77)
	at java.base/jdk.internal.reflect.DelegatingConstructorAccessorImpl.newInstance(DelegatingConstructorAccessorImpl.java:45)
	at org.openqa.selenium.remote.W3CHandshakeResponse.lambda$errorHandler$0(W3CHandshakeResponse.java:62)
	at org.openqa.selenium.remote.HandshakeResponse.lambda$getResponseFunction$0(HandshakeResponse.java:30)
	at org.openqa.selenium.remote.ProtocolHandshake.lambda$createSession$0(ProtocolHandshake.java:126)
	at org.openqa.selenium.remote.ProtocolHandshake.createSession(ProtocolHandshake.java:128)
	at org.openqa.selenium.remote.ProtocolHandshake.createSession(ProtocolHandshake.java:74)
	at org.openqa.selenium.remote.HttpCommandExecutor.execute(HttpCommandExecutor.java:136)
	at org.openqa.selenium.remote.service.DriverCommandExecutor.execute(DriverCommandExecutor.java:83)
	at org.openqa.selenium.remote.RemoteWebDriver.execute(RemoteWebDriver.java:552)
	at com.kms.katalon.selenium.driver.CChromeDriver.execute(CChromeDriver.java:19)
	at org.openqa.selenium.remote.RemoteWebDriver.startSession(RemoteWebDriver.java:213)
	at org.openqa.selenium.remote.RemoteWebDriver.<init>(RemoteWebDriver.java:131)
	at org.openqa.selenium.chrome.ChromeDriver.<init>(ChromeDriver.java:181)
	at org.openqa.selenium.chrome.ChromeDriver.<init>(ChromeDriver.java:147)
	at com.kms.katalon.selenium.driver.CChromeDriver.<init>(CChromeDriver.java:13)
	at com.kms.katalon.core.webui.driver.DriverFactory.createNewChromeDriver(DriverFactory.java:449)
	at com.kms.katalon.core.webui.driver.DriverFactory.startNewBrowser(DriverFactory.java:382)
	at com.kms.katalon.core.webui.driver.DriverFactory.openWebDriver(DriverFactory.java:271)
	at com.kms.katalon.core.webui.keyword.builtin.OpenBrowserKeyword$_openBrowser_closure1.doCall(OpenBrowserKeyword.groovy:74)
	at com.kms.katalon.core.webui.keyword.builtin.OpenBrowserKeyword$_openBrowser_closure1.call(OpenBrowserKeyword.groovy)
	at com.kms.katalon.core.webui.keyword.internal.WebUIKeywordMain.runKeyword(WebUIKeywordMain.groovy:20)
	... 25 more]]></system-err>
      </testcase>
      <testcase name="Test Cases/MOZ-10510/TC 9_MOZ_11450 Verifies that the internal configuration in the database is correctly set up to define the form of payments visible in the Local Settlements module" time="47.125" classname="Test Cases/MOZ-10510/TC 9_MOZ_11450 Verifies that the internal configuration in the database is correctly set up to define the form of payments visible in the Local Settlements module" status="FAILED">
         <failure type="FAILED" message="Test Cases/MOZ-10510/TC 9_MOZ_11450 Verifies that the internal configuration in the database is correctly set up to define the form of payments visible in the Local Settlements module FAILED.&#xa;Reason:&#xa;com.kms.katalon.core.exception.StepFailedException: Unable to open browser with url: ''&#xa;	at com.kms.katalon.core.webui.keyword.internal.WebUIKeywordMain.stepFailed(WebUIKeywordMain.groovy:64)&#xa;	at com.kms.katalon.core.webui.keyword.internal.WebUIKeywordMain.runKeyword(WebUIKeywordMain.groovy:26)&#xa;	at com.kms.katalon.core.webui.keyword.builtin.OpenBrowserKeyword.openBrowser(OpenBrowserKeyword.groovy:81)&#xa;	at com.kms.katalon.core.webui.keyword.builtin.OpenBrowserKeyword.execute(OpenBrowserKeyword.groovy:67)&#xa;	at com.kms.katalon.core.keyword.internal.KeywordExecutor.executeKeywordForPlatform(KeywordExecutor.groovy:74)&#xa;	at com.kms.katalon.core.webui.keyword.WebUiBuiltInKeywords.openBrowser(WebUiBuiltInKeywords.groovy:64)&#xa;	at demoPackage.MozartLogin.LoginWithChromeForEK(MozartLogin.groovy:47)&#xa;	at java.base/jdk.internal.reflect.NativeMethodAccessorImpl.invoke0(Native Method)&#xa;	at java.base/jdk.internal.reflect.NativeMethodAccessorImpl.invoke(NativeMethodAccessorImpl.java:77)&#xa;	at java.base/jdk.internal.reflect.DelegatingMethodAccessorImpl.invoke(DelegatingMethodAccessorImpl.java:43)&#xa;	at com.kms.katalon.core.main.CustomKeywordDelegatingMetaClass.invokeStaticMethod(CustomKeywordDelegatingMetaClass.java:55)&#xa;	at TC 9_MOZ_11450 Verifies that the internal configuration in the database is correctly set up to define the form of payments visible in the Local Settlements module.run(TC 9_MOZ_11450 Verifies that the internal configuration in the database is correctly set up to define the form of payments visible in the Local Settlements module:39)&#xa;	at com.kms.katalon.core.main.ScriptEngine.run(ScriptEngine.java:194)&#xa;	at com.kms.katalon.core.main.ScriptEngine.runScriptAsRawText(ScriptEngine.java:119)&#xa;	at com.kms.katalon.core.main.TestCaseExecutor.runScript(TestCaseExecutor.java:448)&#xa;	at com.kms.katalon.core.main.TestCaseExecutor.doExecute(TestCaseExecutor.java:439)&#xa;	at com.kms.katalon.core.main.TestCaseExecutor.processExecutionPhase(TestCaseExecutor.java:418)&#xa;	at com.kms.katalon.core.main.TestCaseExecutor.accessMainPhase(TestCaseExecutor.java:410)&#xa;	at com.kms.katalon.core.main.TestCaseExecutor.execute(TestCaseExecutor.java:285)&#xa;	at com.kms.katalon.core.common.CommonExecutor.accessTestCaseMainPhase(CommonExecutor.java:65)&#xa;	at com.kms.katalon.core.main.TestSuiteExecutor.accessTestSuiteMainPhase(TestSuiteExecutor.java:150)&#xa;	at com.kms.katalon.core.main.TestSuiteExecutor.execute(TestSuiteExecutor.java:106)&#xa;	at com.kms.katalon.core.main.TestCaseMain.startTestSuite(TestCaseMain.java:180)&#xa;	at TempTestSuite1729422392090.run(TempTestSuite1729422392090.groovy:35)&#xa;	at java.base/jdk.internal.reflect.NativeMethodAccessorImpl.invoke0(Native Method)&#xa;	at java.base/jdk.internal.reflect.NativeMethodAccessorImpl.invoke(NativeMethodAccessorImpl.java:77)&#xa;	at java.base/jdk.internal.reflect.DelegatingMethodAccessorImpl.invoke(DelegatingMethodAccessorImpl.java:43)&#xa;Caused by: org.openqa.selenium.SessionNotCreatedException: session not created: This version of ChromeDriver only supports Chrome version 128&#xa;Current browser version is 130.0.6723.58 with binary path C:\Program Files\Google\Chrome\Application\chrome.exe&#xa;Build info: version: '3.141.59', revision: 'unknown', time: 'unknown'&#xa;System info: host: 'CCE0231', ip: '192.168.1.6', os.name: 'Windows 11', os.arch: 'amd64', os.version: '10.0', java.version: '17.0.7'&#xa;Driver info: driver.version: CChromeDriver&#xa;remote stacktrace: 	GetHandleVerifier [0x00007FF7D681B5D2+29090]&#xa;	(No symbol) [0x00007FF7D678E689]&#xa;	(No symbol) [0x00007FF7D664B1CA]&#xa;	(No symbol) [0x00007FF7D668D6B2]&#xa;	(No symbol) [0x00007FF7D668C751]&#xa;	(No symbol) [0x00007FF7D668729C]&#xa;	(No symbol) [0x00007FF7D6681E0A]&#xa;	(No symbol) [0x00007FF7D66D236D]&#xa;	(No symbol) [0x00007FF7D66D1A20]&#xa;	(No symbol) [0x00007FF7D66C6493]&#xa;	(No symbol) [0x00007FF7D66909B1]&#xa;	(No symbol) [0x00007FF7D6691B11]&#xa;	GetHandleVerifier [0x00007FF7D6B38C5D+3295277]&#xa;	GetHandleVerifier [0x00007FF7D6B84843+3605523]&#xa;	GetHandleVerifier [0x00007FF7D6B7A707+3564247]&#xa;	GetHandleVerifier [0x00007FF7D68D6EB6+797318]&#xa;	(No symbol) [0x00007FF7D679980F]&#xa;	(No symbol) [0x00007FF7D67953F4]&#xa;	(No symbol) [0x00007FF7D6795580]&#xa;	(No symbol) [0x00007FF7D6784A1F]&#xa;	BaseThreadInitThunk [0x00007FFFFF49257D+29]&#xa;	RtlUserThreadStart [0x00007FFFFFE2AF08+40]&#xa;&#xa;	at java.base/jdk.internal.reflect.NativeConstructorAccessorImpl.newInstance0(Native Method)&#xa;	at java.base/jdk.internal.reflect.NativeConstructorAccessorImpl.newInstance(NativeConstructorAccessorImpl.java:77)&#xa;	at java.base/jdk.internal.reflect.DelegatingConstructorAccessorImpl.newInstance(DelegatingConstructorAccessorImpl.java:45)&#xa;	at org.openqa.selenium.remote.W3CHandshakeResponse.lambda$errorHandler$0(W3CHandshakeResponse.java:62)&#xa;	at org.openqa.selenium.remote.HandshakeResponse.lambda$getResponseFunction$0(HandshakeResponse.java:30)&#xa;	at org.openqa.selenium.remote.ProtocolHandshake.lambda$createSession$0(ProtocolHandshake.java:126)&#xa;	at org.openqa.selenium.remote.ProtocolHandshake.createSession(ProtocolHandshake.java:128)&#xa;	at org.openqa.selenium.remote.ProtocolHandshake.createSession(ProtocolHandshake.java:74)&#xa;	at org.openqa.selenium.remote.HttpCommandExecutor.execute(HttpCommandExecutor.java:136)&#xa;	at org.openqa.selenium.remote.service.DriverCommandExecutor.execute(DriverCommandExecutor.java:83)&#xa;	at org.openqa.selenium.remote.RemoteWebDriver.execute(RemoteWebDriver.java:552)&#xa;	at com.kms.katalon.selenium.driver.CChromeDriver.execute(CChromeDriver.java:19)&#xa;	at org.openqa.selenium.remote.RemoteWebDriver.startSession(RemoteWebDriver.java:213)&#xa;	at org.openqa.selenium.remote.RemoteWebDriver.&lt;init>(RemoteWebDriver.java:131)&#xa;	at org.openqa.selenium.chrome.ChromeDriver.&lt;init>(ChromeDriver.java:181)&#xa;	at org.openqa.selenium.chrome.ChromeDriver.&lt;init>(ChromeDriver.java:147)&#xa;	at com.kms.katalon.selenium.driver.CChromeDriver.&lt;init>(CChromeDriver.java:13)&#xa;	at com.kms.katalon.core.webui.driver.DriverFactory.createNewChromeDriver(DriverFactory.java:449)&#xa;	at com.kms.katalon.core.webui.driver.DriverFactory.startNewBrowser(DriverFactory.java:382)&#xa;	at com.kms.katalon.core.webui.driver.DriverFactory.openWebDriver(DriverFactory.java:271)&#xa;	at com.kms.katalon.core.webui.keyword.builtin.OpenBrowserKeyword$_openBrowser_closure1.doCall(OpenBrowserKeyword.groovy:74)&#xa;	at com.kms.katalon.core.webui.keyword.builtin.OpenBrowserKeyword$_openBrowser_closure1.call(OpenBrowserKeyword.groovy)&#xa;	at com.kms.katalon.core.webui.keyword.internal.WebUIKeywordMain.runKeyword(WebUIKeywordMain.groovy:20)&#xa;	... 25 more&#xa;"/>
         <system-out><![CDATA[20-10-2024T16:37:22 - [TEST_CASE][FAILED] - Test Cases/MOZ-10510/TC 9_MOZ_11450 Verifies that the internal configuration in the database is correctly set up to define the form of payments visible in the Local Settlements module: Test Cases/MOZ-10510/TC 9_MOZ_11450 Verifies that the internal configuration in the database is correctly set up to define the form of payments visible in the Local Settlements module FAILED.
Reason:
com.kms.katalon.core.exception.StepFailedException: Unable to open browser with url: ''
	at com.kms.katalon.core.webui.keyword.internal.WebUIKeywordMain.stepFailed(WebUIKeywordMain.groovy:64)
	at com.kms.katalon.core.webui.keyword.internal.WebUIKeywordMain.runKeyword(WebUIKeywordMain.groovy:26)
	at com.kms.katalon.core.webui.keyword.builtin.OpenBrowserKeyword.openBrowser(OpenBrowserKeyword.groovy:81)
	at com.kms.katalon.core.webui.keyword.builtin.OpenBrowserKeyword.execute(OpenBrowserKeyword.groovy:67)
	at com.kms.katalon.core.keyword.internal.KeywordExecutor.executeKeywordForPlatform(KeywordExecutor.groovy:74)
	at com.kms.katalon.core.webui.keyword.WebUiBuiltInKeywords.openBrowser(WebUiBuiltInKeywords.groovy:64)
	at demoPackage.MozartLogin.LoginWithChromeForEK(MozartLogin.groovy:47)
	at java.base/jdk.internal.reflect.NativeMethodAccessorImpl.invoke0(Native Method)
	at java.base/jdk.internal.reflect.NativeMethodAccessorImpl.invoke(NativeMethodAccessorImpl.java:77)
	at java.base/jdk.internal.reflect.DelegatingMethodAccessorImpl.invoke(DelegatingMethodAccessorImpl.java:43)
	at com.kms.katalon.core.main.CustomKeywordDelegatingMetaClass.invokeStaticMethod(CustomKeywordDelegatingMetaClass.java:55)
	at TC 9_MOZ_11450 Verifies that the internal configuration in the database is correctly set up to define the form of payments visible in the Local Settlements module.run(TC 9_MOZ_11450 Verifies that the internal configuration in the database is correctly set up to define the form of payments visible in the Local Settlements module:39)
	at com.kms.katalon.core.main.ScriptEngine.run(ScriptEngine.java:194)
	at com.kms.katalon.core.main.ScriptEngine.runScriptAsRawText(ScriptEngine.java:119)
	at com.kms.katalon.core.main.TestCaseExecutor.runScript(TestCaseExecutor.java:448)
	at com.kms.katalon.core.main.TestCaseExecutor.doExecute(TestCaseExecutor.java:439)
	at com.kms.katalon.core.main.TestCaseExecutor.processExecutionPhase(TestCaseExecutor.java:418)
	at com.kms.katalon.core.main.TestCaseExecutor.accessMainPhase(TestCaseExecutor.java:410)
	at com.kms.katalon.core.main.TestCaseExecutor.execute(TestCaseExecutor.java:285)
	at com.kms.katalon.core.common.CommonExecutor.accessTestCaseMainPhase(CommonExecutor.java:65)
	at com.kms.katalon.core.main.TestSuiteExecutor.accessTestSuiteMainPhase(TestSuiteExecutor.java:150)
	at com.kms.katalon.core.main.TestSuiteExecutor.execute(TestSuiteExecutor.java:106)
	at com.kms.katalon.core.main.TestCaseMain.startTestSuite(TestCaseMain.java:180)
	at TempTestSuite1729422392090.run(TempTestSuite1729422392090.groovy:35)
	at java.base/jdk.internal.reflect.NativeMethodAccessorImpl.invoke0(Native Method)
	at java.base/jdk.internal.reflect.NativeMethodAccessorImpl.invoke(NativeMethodAccessorImpl.java:77)
	at java.base/jdk.internal.reflect.DelegatingMethodAccessorImpl.invoke(DelegatingMethodAccessorImpl.java:43)
Caused by: org.openqa.selenium.SessionNotCreatedException: session not created: This version of ChromeDriver only supports Chrome version 128
Current browser version is 130.0.6723.58 with binary path C:\Program Files\Google\Chrome\Application\chrome.exe
Build info: version: '3.141.59', revision: 'unknown', time: 'unknown'
System info: host: 'CCE0231', ip: '192.168.1.6', os.name: 'Windows 11', os.arch: 'amd64', os.version: '10.0', java.version: '17.0.7'
Driver info: driver.version: CChromeDriver
remote stacktrace: 	GetHandleVerifier [0x00007FF7D681B5D2+29090]
	(No symbol) [0x00007FF7D678E689]
	(No symbol) [0x00007FF7D664B1CA]
	(No symbol) [0x00007FF7D668D6B2]
	(No symbol) [0x00007FF7D668C751]
	(No symbol) [0x00007FF7D668729C]
	(No symbol) [0x00007FF7D6681E0A]
	(No symbol) [0x00007FF7D66D236D]
	(No symbol) [0x00007FF7D66D1A20]
	(No symbol) [0x00007FF7D66C6493]
	(No symbol) [0x00007FF7D66909B1]
	(No symbol) [0x00007FF7D6691B11]
	GetHandleVerifier [0x00007FF7D6B38C5D+3295277]
	GetHandleVerifier [0x00007FF7D6B84843+3605523]
	GetHandleVerifier [0x00007FF7D6B7A707+3564247]
	GetHandleVerifier [0x00007FF7D68D6EB6+797318]
	(No symbol) [0x00007FF7D679980F]
	(No symbol) [0x00007FF7D67953F4]
	(No symbol) [0x00007FF7D6795580]
	(No symbol) [0x00007FF7D6784A1F]
	BaseThreadInitThunk [0x00007FFFFF49257D+29]
	RtlUserThreadStart [0x00007FFFFFE2AF08+40]

	at java.base/jdk.internal.reflect.NativeConstructorAccessorImpl.newInstance0(Native Method)
	at java.base/jdk.internal.reflect.NativeConstructorAccessorImpl.newInstance(NativeConstructorAccessorImpl.java:77)
	at java.base/jdk.internal.reflect.DelegatingConstructorAccessorImpl.newInstance(DelegatingConstructorAccessorImpl.java:45)
	at org.openqa.selenium.remote.W3CHandshakeResponse.lambda$errorHandler$0(W3CHandshakeResponse.java:62)
	at org.openqa.selenium.remote.HandshakeResponse.lambda$getResponseFunction$0(HandshakeResponse.java:30)
	at org.openqa.selenium.remote.ProtocolHandshake.lambda$createSession$0(ProtocolHandshake.java:126)
	at org.openqa.selenium.remote.ProtocolHandshake.createSession(ProtocolHandshake.java:128)
	at org.openqa.selenium.remote.ProtocolHandshake.createSession(ProtocolHandshake.java:74)
	at org.openqa.selenium.remote.HttpCommandExecutor.execute(HttpCommandExecutor.java:136)
	at org.openqa.selenium.remote.service.DriverCommandExecutor.execute(DriverCommandExecutor.java:83)
	at org.openqa.selenium.remote.RemoteWebDriver.execute(RemoteWebDriver.java:552)
	at com.kms.katalon.selenium.driver.CChromeDriver.execute(CChromeDriver.java:19)
	at org.openqa.selenium.remote.RemoteWebDriver.startSession(RemoteWebDriver.java:213)
	at org.openqa.selenium.remote.RemoteWebDriver.<init>(RemoteWebDriver.java:131)
	at org.openqa.selenium.chrome.ChromeDriver.<init>(ChromeDriver.java:181)
	at org.openqa.selenium.chrome.ChromeDriver.<init>(ChromeDriver.java:147)
	at com.kms.katalon.selenium.driver.CChromeDriver.<init>(CChromeDriver.java:13)
	at com.kms.katalon.core.webui.driver.DriverFactory.createNewChromeDriver(DriverFactory.java:449)
	at com.kms.katalon.core.webui.driver.DriverFactory.startNewBrowser(DriverFactory.java:382)
	at com.kms.katalon.core.webui.driver.DriverFactory.openWebDriver(DriverFactory.java:271)
	at com.kms.katalon.core.webui.keyword.builtin.OpenBrowserKeyword$_openBrowser_closure1.doCall(OpenBrowserKeyword.groovy:74)
	at com.kms.katalon.core.webui.keyword.builtin.OpenBrowserKeyword$_openBrowser_closure1.call(OpenBrowserKeyword.groovy)
	at com.kms.katalon.core.webui.keyword.internal.WebUIKeywordMain.runKeyword(WebUIKeywordMain.groovy:20)
	... 25 more


20-10-2024T16:37:23 - [TEST_STEP][PASSED] - Table_md_rfnd_local_settlement = database.DatabaseUtils.checkTableExists("md_rfnd_local_settlement"): database.DatabaseUtils.checkTableExists is PASSED

20-10-2024T16:37:29 - [MESSAGE][INFO] - Table md_rfnd_local_settlement exists.

20-10-2024T16:37:30 - [MESSAGE][PASSED] - database.DatabaseUtils.checkTableExists is PASSED

20-10-2024T16:37:30 - [TEST_STEP][PASSED] - verifyEqual(Table_md_rfnd_local_settlement, true, CONTINUE_ON_FAILURE): Actual object 'true' and expected object 'true' are equal

20-10-2024T16:37:30 - [MESSAGE][PASSED] - Actual object 'true' and expected object 'true' are equal

20-10-2024T16:37:30 - [TEST_STEP][PASSED] - Column_paid_locally = database.DatabaseUtils.checkColumnExist("mc_fop_types", "paid_locally"): database.DatabaseUtils.checkColumnExist is PASSED

20-10-2024T16:37:35 - [MESSAGE][PASSED] - database.DatabaseUtils.checkColumnExist is PASSED

20-10-2024T16:37:35 - [TEST_STEP][PASSED] - verifyEqual(Column_paid_locally, true, CONTINUE_ON_FAILURE): Actual object 'true' and expected object 'true' are equal

20-10-2024T16:37:35 - [MESSAGE][PASSED] - Actual object 'true' and expected object 'true' are equal

20-10-2024T16:37:35 - [TEST_STEP][PASSED] - rowCount = database.DatabaseUtils.getRowCount("select * from bdmozart.mc_fop_types where paid_locally = 't'"): database.DatabaseUtils.getRowCount is PASSED

20-10-2024T16:37:40 - [MESSAGE][PASSED] - database.DatabaseUtils.getRowCount is PASSED

20-10-2024T16:37:40 - [TEST_STEP][PASSED] - DataBaseEnableFopList = new java.util.ArrayList(): null

20-10-2024T16:37:40 - [TEST_STEP][PASSED] - FilterFopList = new java.util.ArrayList(): null

20-10-2024T16:37:40 - [TEST_STEP][PASSED] - for ([i = 1, i <= rowCount, (i++)]): null

20-10-2024T16:37:40 - [TEST_STEP][PASSED] - enableFop = database.DatabaseUtils.executeQuery("select * from bdmozart.mc_fop_types where paid_locally = 't'", "fop_type", i): database.DatabaseUtils.executeQuery is PASSED

20-10-2024T16:37:45 - [MESSAGE][PASSED] - database.DatabaseUtils.executeQuery is PASSED

20-10-2024T16:37:45 - [TEST_STEP][PASSED] - println(enableFop): null

20-10-2024T16:37:45 - [TEST_STEP][PASSED] - DataBaseEnableFopList.add(enableFop): null

20-10-2024T16:37:45 - [TEST_STEP][PASSED] - enableFop = database.DatabaseUtils.executeQuery("select * from bdmozart.mc_fop_types where paid_locally = 't'", "fop_type", i): database.DatabaseUtils.executeQuery is PASSED

20-10-2024T16:37:50 - [MESSAGE][PASSED] - database.DatabaseUtils.executeQuery is PASSED

20-10-2024T16:37:50 - [TEST_STEP][PASSED] - println(enableFop): null

20-10-2024T16:37:50 - [TEST_STEP][PASSED] - DataBaseEnableFopList.add(enableFop): null

20-10-2024T16:37:50 - [TEST_STEP][PASSED] - enableFop = database.DatabaseUtils.executeQuery("select * from bdmozart.mc_fop_types where paid_locally = 't'", "fop_type", i): database.DatabaseUtils.executeQuery is PASSED

20-10-2024T16:37:55 - [MESSAGE][PASSED] - database.DatabaseUtils.executeQuery is PASSED

20-10-2024T16:37:55 - [TEST_STEP][PASSED] - println(enableFop): null

20-10-2024T16:37:55 - [TEST_STEP][PASSED] - DataBaseEnableFopList.add(enableFop): null

20-10-2024T16:37:55 - [TEST_STEP][PASSED] - enableFop = database.DatabaseUtils.executeQuery("select * from bdmozart.mc_fop_types where paid_locally = 't'", "fop_type", i): database.DatabaseUtils.executeQuery is PASSED

20-10-2024T16:38:00 - [MESSAGE][PASSED] - database.DatabaseUtils.executeQuery is PASSED

20-10-2024T16:38:00 - [TEST_STEP][PASSED] - println(enableFop): null

20-10-2024T16:38:00 - [TEST_STEP][PASSED] - DataBaseEnableFopList.add(enableFop): null

20-10-2024T16:38:00 - [TEST_STEP][PASSED] - enableFop = database.DatabaseUtils.executeQuery("select * from bdmozart.mc_fop_types where paid_locally = 't'", "fop_type", i): database.DatabaseUtils.executeQuery is PASSED

20-10-2024T16:38:05 - [MESSAGE][PASSED] - database.DatabaseUtils.executeQuery is PASSED

20-10-2024T16:38:05 - [TEST_STEP][PASSED] - println(enableFop): null

20-10-2024T16:38:05 - [TEST_STEP][PASSED] - DataBaseEnableFopList.add(enableFop): null

20-10-2024T16:38:05 - [TEST_STEP][FAILED] - demoPackage.MozartLogin.LoginWithChromeForEK(): Unable to open browser with url: ''

20-10-2024T16:38:05 - [MESSAGE][INFO] - Starting 'Chrome' driver

20-10-2024T16:38:05 - [MESSAGE][INFO] - Action delay is set to 0 milliseconds

20-10-2024T16:38:09 - [MESSAGE][FAILED] - Unable to open browser with url: '' (Root cause: com.kms.katalon.core.exception.StepFailedException: Unable to open browser with url: ''
	at com.kms.katalon.core.webui.keyword.internal.WebUIKeywordMain.stepFailed(WebUIKeywordMain.groovy:64)
	at com.kms.katalon.core.webui.keyword.internal.WebUIKeywordMain.runKeyword(WebUIKeywordMain.groovy:26)
	at com.kms.katalon.core.webui.keyword.builtin.OpenBrowserKeyword.openBrowser(OpenBrowserKeyword.groovy:81)
	at com.kms.katalon.core.webui.keyword.builtin.OpenBrowserKeyword.execute(OpenBrowserKeyword.groovy:67)
	at com.kms.katalon.core.keyword.internal.KeywordExecutor.executeKeywordForPlatform(KeywordExecutor.groovy:74)
	at com.kms.katalon.core.webui.keyword.WebUiBuiltInKeywords.openBrowser(WebUiBuiltInKeywords.groovy:64)
	at demoPackage.MozartLogin.LoginWithChromeForEK(MozartLogin.groovy:47)
	at java.base/jdk.internal.reflect.NativeMethodAccessorImpl.invoke0(Native Method)
	at java.base/jdk.internal.reflect.NativeMethodAccessorImpl.invoke(NativeMethodAccessorImpl.java:77)
	at java.base/jdk.internal.reflect.DelegatingMethodAccessorImpl.invoke(DelegatingMethodAccessorImpl.java:43)
	at com.kms.katalon.core.main.CustomKeywordDelegatingMetaClass.invokeStaticMethod(CustomKeywordDelegatingMetaClass.java:55)
	at TC 9_MOZ_11450 Verifies that the internal configuration in the database is correctly set up to define the form of payments visible in the Local Settlements module.run(TC 9_MOZ_11450 Verifies that the internal configuration in the database is correctly set up to define the form of payments visible in the Local Settlements module:39)
	at com.kms.katalon.core.main.ScriptEngine.run(ScriptEngine.java:194)
	at com.kms.katalon.core.main.ScriptEngine.runScriptAsRawText(ScriptEngine.java:119)
	at com.kms.katalon.core.main.TestCaseExecutor.runScript(TestCaseExecutor.java:448)
	at com.kms.katalon.core.main.TestCaseExecutor.doExecute(TestCaseExecutor.java:439)
	at com.kms.katalon.core.main.TestCaseExecutor.processExecutionPhase(TestCaseExecutor.java:418)
	at com.kms.katalon.core.main.TestCaseExecutor.accessMainPhase(TestCaseExecutor.java:410)
	at com.kms.katalon.core.main.TestCaseExecutor.execute(TestCaseExecutor.java:285)
	at com.kms.katalon.core.common.CommonExecutor.accessTestCaseMainPhase(CommonExecutor.java:65)
	at com.kms.katalon.core.main.TestSuiteExecutor.accessTestSuiteMainPhase(TestSuiteExecutor.java:150)
	at com.kms.katalon.core.main.TestSuiteExecutor.execute(TestSuiteExecutor.java:106)
	at com.kms.katalon.core.main.TestCaseMain.startTestSuite(TestCaseMain.java:180)
	at TempTestSuite1729422392090.run(TempTestSuite1729422392090.groovy:35)
	at java.base/jdk.internal.reflect.NativeMethodAccessorImpl.invoke0(Native Method)
	at java.base/jdk.internal.reflect.NativeMethodAccessorImpl.invoke(NativeMethodAccessorImpl.java:77)
	at java.base/jdk.internal.reflect.DelegatingMethodAccessorImpl.invoke(DelegatingMethodAccessorImpl.java:43)
Caused by: org.openqa.selenium.SessionNotCreatedException: session not created: This version of ChromeDriver only supports Chrome version 128
Current browser version is 130.0.6723.58 with binary path C:\Program Files\Google\Chrome\Application\chrome.exe
Build info: version: '3.141.59', revision: 'unknown', time: 'unknown'
System info: host: 'CCE0231', ip: '192.168.1.6', os.name: 'Windows 11', os.arch: 'amd64', os.version: '10.0', java.version: '17.0.7'
Driver info: driver.version: CChromeDriver
remote stacktrace: 	GetHandleVerifier [0x00007FF7D681B5D2+29090]
	(No symbol) [0x00007FF7D678E689]
	(No symbol) [0x00007FF7D664B1CA]
	(No symbol) [0x00007FF7D668D6B2]
	(No symbol) [0x00007FF7D668C751]
	(No symbol) [0x00007FF7D668729C]
	(No symbol) [0x00007FF7D6681E0A]
	(No symbol) [0x00007FF7D66D236D]
	(No symbol) [0x00007FF7D66D1A20]
	(No symbol) [0x00007FF7D66C6493]
	(No symbol) [0x00007FF7D66909B1]
	(No symbol) [0x00007FF7D6691B11]
	GetHandleVerifier [0x00007FF7D6B38C5D+3295277]
	GetHandleVerifier [0x00007FF7D6B84843+3605523]
	GetHandleVerifier [0x00007FF7D6B7A707+3564247]
	GetHandleVerifier [0x00007FF7D68D6EB6+797318]
	(No symbol) [0x00007FF7D679980F]
	(No symbol) [0x00007FF7D67953F4]
	(No symbol) [0x00007FF7D6795580]
	(No symbol) [0x00007FF7D6784A1F]
	BaseThreadInitThunk [0x00007FFFFF49257D+29]
	RtlUserThreadStart [0x00007FFFFFE2AF08+40]

	at java.base/jdk.internal.reflect.NativeConstructorAccessorImpl.newInstance0(Native Method)
	at java.base/jdk.internal.reflect.NativeConstructorAccessorImpl.newInstance(NativeConstructorAccessorImpl.java:77)
	at java.base/jdk.internal.reflect.DelegatingConstructorAccessorImpl.newInstance(DelegatingConstructorAccessorImpl.java:45)
	at org.openqa.selenium.remote.W3CHandshakeResponse.lambda$errorHandler$0(W3CHandshakeResponse.java:62)
	at org.openqa.selenium.remote.HandshakeResponse.lambda$getResponseFunction$0(HandshakeResponse.java:30)
	at org.openqa.selenium.remote.ProtocolHandshake.lambda$createSession$0(ProtocolHandshake.java:126)
	at org.openqa.selenium.remote.ProtocolHandshake.createSession(ProtocolHandshake.java:128)
	at org.openqa.selenium.remote.ProtocolHandshake.createSession(ProtocolHandshake.java:74)
	at org.openqa.selenium.remote.HttpCommandExecutor.execute(HttpCommandExecutor.java:136)
	at org.openqa.selenium.remote.service.DriverCommandExecutor.execute(DriverCommandExecutor.java:83)
	at org.openqa.selenium.remote.RemoteWebDriver.execute(RemoteWebDriver.java:552)
	at com.kms.katalon.selenium.driver.CChromeDriver.execute(CChromeDriver.java:19)
	at org.openqa.selenium.remote.RemoteWebDriver.startSession(RemoteWebDriver.java:213)
	at org.openqa.selenium.remote.RemoteWebDriver.<init>(RemoteWebDriver.java:131)
	at org.openqa.selenium.chrome.ChromeDriver.<init>(ChromeDriver.java:181)
	at org.openqa.selenium.chrome.ChromeDriver.<init>(ChromeDriver.java:147)
	at com.kms.katalon.selenium.driver.CChromeDriver.<init>(CChromeDriver.java:13)
	at com.kms.katalon.core.webui.driver.DriverFactory.createNewChromeDriver(DriverFactory.java:449)
	at com.kms.katalon.core.webui.driver.DriverFactory.startNewBrowser(DriverFactory.java:382)
	at com.kms.katalon.core.webui.driver.DriverFactory.openWebDriver(DriverFactory.java:271)
	at com.kms.katalon.core.webui.keyword.builtin.OpenBrowserKeyword$_openBrowser_closure1.doCall(OpenBrowserKeyword.groovy:74)
	at com.kms.katalon.core.webui.keyword.builtin.OpenBrowserKeyword$_openBrowser_closure1.call(OpenBrowserKeyword.groovy)
	at com.kms.katalon.core.webui.keyword.internal.WebUIKeywordMain.runKeyword(WebUIKeywordMain.groovy:20)
	at com.kms.katalon.core.webui.keyword.builtin.OpenBrowserKeyword.openBrowser(OpenBrowserKeyword.groovy:81)
	at com.kms.katalon.core.webui.keyword.builtin.OpenBrowserKeyword.execute(OpenBrowserKeyword.groovy:67)
	at com.kms.katalon.core.keyword.internal.KeywordExecutor.executeKeywordForPlatform(KeywordExecutor.groovy:74)
	at com.kms.katalon.core.webui.keyword.WebUiBuiltInKeywords.openBrowser(WebUiBuiltInKeywords.groovy:64)
	at demoPackage.MozartLogin.LoginWithChromeForEK(MozartLogin.groovy:47)
	at java.base/jdk.internal.reflect.NativeMethodAccessorImpl.invoke0(Native Method)
	at java.base/jdk.internal.reflect.NativeMethodAccessorImpl.invoke(NativeMethodAccessorImpl.java:77)
	at java.base/jdk.internal.reflect.DelegatingMethodAccessorImpl.invoke(DelegatingMethodAccessorImpl.java:43)
	at com.kms.katalon.core.main.CustomKeywordDelegatingMetaClass.invokeStaticMethod(CustomKeywordDelegatingMetaClass.java:55)
	at Script1724499515487.run(Script1724499515487.groovy:39)
	... 15 more
)

20-10-2024T16:38:09 - [MESSAGE][FAILED] - Unable to open browser with url: '']]></system-out>
         <system-err><![CDATA[20-10-2024T16:37:22 - [TEST_CASE][FAILED] - Test Cases/MOZ-10510/TC 9_MOZ_11450 Verifies that the internal configuration in the database is correctly set up to define the form of payments visible in the Local Settlements module: Test Cases/MOZ-10510/TC 9_MOZ_11450 Verifies that the internal configuration in the database is correctly set up to define the form of payments visible in the Local Settlements module FAILED.
Reason:
com.kms.katalon.core.exception.StepFailedException: Unable to open browser with url: ''
	at com.kms.katalon.core.webui.keyword.internal.WebUIKeywordMain.stepFailed(WebUIKeywordMain.groovy:64)
	at com.kms.katalon.core.webui.keyword.internal.WebUIKeywordMain.runKeyword(WebUIKeywordMain.groovy:26)
	at com.kms.katalon.core.webui.keyword.builtin.OpenBrowserKeyword.openBrowser(OpenBrowserKeyword.groovy:81)
	at com.kms.katalon.core.webui.keyword.builtin.OpenBrowserKeyword.execute(OpenBrowserKeyword.groovy:67)
	at com.kms.katalon.core.keyword.internal.KeywordExecutor.executeKeywordForPlatform(KeywordExecutor.groovy:74)
	at com.kms.katalon.core.webui.keyword.WebUiBuiltInKeywords.openBrowser(WebUiBuiltInKeywords.groovy:64)
	at demoPackage.MozartLogin.LoginWithChromeForEK(MozartLogin.groovy:47)
	at java.base/jdk.internal.reflect.NativeMethodAccessorImpl.invoke0(Native Method)
	at java.base/jdk.internal.reflect.NativeMethodAccessorImpl.invoke(NativeMethodAccessorImpl.java:77)
	at java.base/jdk.internal.reflect.DelegatingMethodAccessorImpl.invoke(DelegatingMethodAccessorImpl.java:43)
	at com.kms.katalon.core.main.CustomKeywordDelegatingMetaClass.invokeStaticMethod(CustomKeywordDelegatingMetaClass.java:55)
	at TC 9_MOZ_11450 Verifies that the internal configuration in the database is correctly set up to define the form of payments visible in the Local Settlements module.run(TC 9_MOZ_11450 Verifies that the internal configuration in the database is correctly set up to define the form of payments visible in the Local Settlements module:39)
	at com.kms.katalon.core.main.ScriptEngine.run(ScriptEngine.java:194)
	at com.kms.katalon.core.main.ScriptEngine.runScriptAsRawText(ScriptEngine.java:119)
	at com.kms.katalon.core.main.TestCaseExecutor.runScript(TestCaseExecutor.java:448)
	at com.kms.katalon.core.main.TestCaseExecutor.doExecute(TestCaseExecutor.java:439)
	at com.kms.katalon.core.main.TestCaseExecutor.processExecutionPhase(TestCaseExecutor.java:418)
	at com.kms.katalon.core.main.TestCaseExecutor.accessMainPhase(TestCaseExecutor.java:410)
	at com.kms.katalon.core.main.TestCaseExecutor.execute(TestCaseExecutor.java:285)
	at com.kms.katalon.core.common.CommonExecutor.accessTestCaseMainPhase(CommonExecutor.java:65)
	at com.kms.katalon.core.main.TestSuiteExecutor.accessTestSuiteMainPhase(TestSuiteExecutor.java:150)
	at com.kms.katalon.core.main.TestSuiteExecutor.execute(TestSuiteExecutor.java:106)
	at com.kms.katalon.core.main.TestCaseMain.startTestSuite(TestCaseMain.java:180)
	at TempTestSuite1729422392090.run(TempTestSuite1729422392090.groovy:35)
	at java.base/jdk.internal.reflect.NativeMethodAccessorImpl.invoke0(Native Method)
	at java.base/jdk.internal.reflect.NativeMethodAccessorImpl.invoke(NativeMethodAccessorImpl.java:77)
	at java.base/jdk.internal.reflect.DelegatingMethodAccessorImpl.invoke(DelegatingMethodAccessorImpl.java:43)
Caused by: org.openqa.selenium.SessionNotCreatedException: session not created: This version of ChromeDriver only supports Chrome version 128
Current browser version is 130.0.6723.58 with binary path C:\Program Files\Google\Chrome\Application\chrome.exe
Build info: version: '3.141.59', revision: 'unknown', time: 'unknown'
System info: host: 'CCE0231', ip: '192.168.1.6', os.name: 'Windows 11', os.arch: 'amd64', os.version: '10.0', java.version: '17.0.7'
Driver info: driver.version: CChromeDriver
remote stacktrace: 	GetHandleVerifier [0x00007FF7D681B5D2+29090]
	(No symbol) [0x00007FF7D678E689]
	(No symbol) [0x00007FF7D664B1CA]
	(No symbol) [0x00007FF7D668D6B2]
	(No symbol) [0x00007FF7D668C751]
	(No symbol) [0x00007FF7D668729C]
	(No symbol) [0x00007FF7D6681E0A]
	(No symbol) [0x00007FF7D66D236D]
	(No symbol) [0x00007FF7D66D1A20]
	(No symbol) [0x00007FF7D66C6493]
	(No symbol) [0x00007FF7D66909B1]
	(No symbol) [0x00007FF7D6691B11]
	GetHandleVerifier [0x00007FF7D6B38C5D+3295277]
	GetHandleVerifier [0x00007FF7D6B84843+3605523]
	GetHandleVerifier [0x00007FF7D6B7A707+3564247]
	GetHandleVerifier [0x00007FF7D68D6EB6+797318]
	(No symbol) [0x00007FF7D679980F]
	(No symbol) [0x00007FF7D67953F4]
	(No symbol) [0x00007FF7D6795580]
	(No symbol) [0x00007FF7D6784A1F]
	BaseThreadInitThunk [0x00007FFFFF49257D+29]
	RtlUserThreadStart [0x00007FFFFFE2AF08+40]

	at java.base/jdk.internal.reflect.NativeConstructorAccessorImpl.newInstance0(Native Method)
	at java.base/jdk.internal.reflect.NativeConstructorAccessorImpl.newInstance(NativeConstructorAccessorImpl.java:77)
	at java.base/jdk.internal.reflect.DelegatingConstructorAccessorImpl.newInstance(DelegatingConstructorAccessorImpl.java:45)
	at org.openqa.selenium.remote.W3CHandshakeResponse.lambda$errorHandler$0(W3CHandshakeResponse.java:62)
	at org.openqa.selenium.remote.HandshakeResponse.lambda$getResponseFunction$0(HandshakeResponse.java:30)
	at org.openqa.selenium.remote.ProtocolHandshake.lambda$createSession$0(ProtocolHandshake.java:126)
	at org.openqa.selenium.remote.ProtocolHandshake.createSession(ProtocolHandshake.java:128)
	at org.openqa.selenium.remote.ProtocolHandshake.createSession(ProtocolHandshake.java:74)
	at org.openqa.selenium.remote.HttpCommandExecutor.execute(HttpCommandExecutor.java:136)
	at org.openqa.selenium.remote.service.DriverCommandExecutor.execute(DriverCommandExecutor.java:83)
	at org.openqa.selenium.remote.RemoteWebDriver.execute(RemoteWebDriver.java:552)
	at com.kms.katalon.selenium.driver.CChromeDriver.execute(CChromeDriver.java:19)
	at org.openqa.selenium.remote.RemoteWebDriver.startSession(RemoteWebDriver.java:213)
	at org.openqa.selenium.remote.RemoteWebDriver.<init>(RemoteWebDriver.java:131)
	at org.openqa.selenium.chrome.ChromeDriver.<init>(ChromeDriver.java:181)
	at org.openqa.selenium.chrome.ChromeDriver.<init>(ChromeDriver.java:147)
	at com.kms.katalon.selenium.driver.CChromeDriver.<init>(CChromeDriver.java:13)
	at com.kms.katalon.core.webui.driver.DriverFactory.createNewChromeDriver(DriverFactory.java:449)
	at com.kms.katalon.core.webui.driver.DriverFactory.startNewBrowser(DriverFactory.java:382)
	at com.kms.katalon.core.webui.driver.DriverFactory.openWebDriver(DriverFactory.java:271)
	at com.kms.katalon.core.webui.keyword.builtin.OpenBrowserKeyword$_openBrowser_closure1.doCall(OpenBrowserKeyword.groovy:74)
	at com.kms.katalon.core.webui.keyword.builtin.OpenBrowserKeyword$_openBrowser_closure1.call(OpenBrowserKeyword.groovy)
	at com.kms.katalon.core.webui.keyword.internal.WebUIKeywordMain.runKeyword(WebUIKeywordMain.groovy:20)
	... 25 more]]></system-err>
      </testcase>
      <testcase name="Test Cases/MOZ-10510/TC 8_MOZ_11449 Verify the Availability of Group By,My Filters, and Download Options in the Local Settlements Module" time="3.843" classname="Test Cases/MOZ-10510/TC 8_MOZ_11449 Verify the Availability of Group By,My Filters, and Download Options in the Local Settlements Module" status="FAILED">
         <failure type="FAILED" message="Test Cases/MOZ-10510/TC 8_MOZ_11449 Verify the Availability of Group By,My Filters, and Download Options in the Local Settlements Module FAILED.&#xa;Reason:&#xa;com.kms.katalon.core.exception.StepFailedException: Unable to open browser with url: ''&#xa;	at com.kms.katalon.core.webui.keyword.internal.WebUIKeywordMain.stepFailed(WebUIKeywordMain.groovy:64)&#xa;	at com.kms.katalon.core.webui.keyword.internal.WebUIKeywordMain.runKeyword(WebUIKeywordMain.groovy:26)&#xa;	at com.kms.katalon.core.webui.keyword.builtin.OpenBrowserKeyword.openBrowser(OpenBrowserKeyword.groovy:81)&#xa;	at com.kms.katalon.core.webui.keyword.builtin.OpenBrowserKeyword.execute(OpenBrowserKeyword.groovy:67)&#xa;	at com.kms.katalon.core.keyword.internal.KeywordExecutor.executeKeywordForPlatform(KeywordExecutor.groovy:74)&#xa;	at com.kms.katalon.core.webui.keyword.WebUiBuiltInKeywords.openBrowser(WebUiBuiltInKeywords.groovy:64)&#xa;	at demoPackage.MozartLogin.LoginWithChromeForEK(MozartLogin.groovy:47)&#xa;	at java.base/jdk.internal.reflect.NativeMethodAccessorImpl.invoke0(Native Method)&#xa;	at java.base/jdk.internal.reflect.NativeMethodAccessorImpl.invoke(NativeMethodAccessorImpl.java:77)&#xa;	at java.base/jdk.internal.reflect.DelegatingMethodAccessorImpl.invoke(DelegatingMethodAccessorImpl.java:43)&#xa;	at com.kms.katalon.core.main.CustomKeywordDelegatingMetaClass.invokeStaticMethod(CustomKeywordDelegatingMetaClass.java:55)&#xa;	at TC 8_MOZ_11449 Verify the Availability of Group By,My Filters, and Download Options in the Local Settlements Module.run(TC 8_MOZ_11449 Verify the Availability of Group By,My Filters, and Download Options in the Local Settlements Module:20)&#xa;	at com.kms.katalon.core.main.ScriptEngine.run(ScriptEngine.java:194)&#xa;	at com.kms.katalon.core.main.ScriptEngine.runScriptAsRawText(ScriptEngine.java:119)&#xa;	at com.kms.katalon.core.main.TestCaseExecutor.runScript(TestCaseExecutor.java:448)&#xa;	at com.kms.katalon.core.main.TestCaseExecutor.doExecute(TestCaseExecutor.java:439)&#xa;	at com.kms.katalon.core.main.TestCaseExecutor.processExecutionPhase(TestCaseExecutor.java:418)&#xa;	at com.kms.katalon.core.main.TestCaseExecutor.accessMainPhase(TestCaseExecutor.java:410)&#xa;	at com.kms.katalon.core.main.TestCaseExecutor.execute(TestCaseExecutor.java:285)&#xa;	at com.kms.katalon.core.common.CommonExecutor.accessTestCaseMainPhase(CommonExecutor.java:65)&#xa;	at com.kms.katalon.core.main.TestSuiteExecutor.accessTestSuiteMainPhase(TestSuiteExecutor.java:150)&#xa;	at com.kms.katalon.core.main.TestSuiteExecutor.execute(TestSuiteExecutor.java:106)&#xa;	at com.kms.katalon.core.main.TestCaseMain.startTestSuite(TestCaseMain.java:180)&#xa;	at TempTestSuite1729422392090.run(TempTestSuite1729422392090.groovy:35)&#xa;	at java.base/jdk.internal.reflect.NativeMethodAccessorImpl.invoke0(Native Method)&#xa;	at java.base/jdk.internal.reflect.NativeMethodAccessorImpl.invoke(NativeMethodAccessorImpl.java:77)&#xa;	at java.base/jdk.internal.reflect.DelegatingMethodAccessorImpl.invoke(DelegatingMethodAccessorImpl.java:43)&#xa;Caused by: org.openqa.selenium.SessionNotCreatedException: session not created: This version of ChromeDriver only supports Chrome version 128&#xa;Current browser version is 130.0.6723.58 with binary path C:\Program Files\Google\Chrome\Application\chrome.exe&#xa;Build info: version: '3.141.59', revision: 'unknown', time: 'unknown'&#xa;System info: host: 'CCE0231', ip: '192.168.1.6', os.name: 'Windows 11', os.arch: 'amd64', os.version: '10.0', java.version: '17.0.7'&#xa;Driver info: driver.version: CChromeDriver&#xa;remote stacktrace: 	GetHandleVerifier [0x00007FF7D681B5D2+29090]&#xa;	(No symbol) [0x00007FF7D678E689]&#xa;	(No symbol) [0x00007FF7D664B1CA]&#xa;	(No symbol) [0x00007FF7D668D6B2]&#xa;	(No symbol) [0x00007FF7D668C751]&#xa;	(No symbol) [0x00007FF7D668729C]&#xa;	(No symbol) [0x00007FF7D6681E0A]&#xa;	(No symbol) [0x00007FF7D66D236D]&#xa;	(No symbol) [0x00007FF7D66D1A20]&#xa;	(No symbol) [0x00007FF7D66C6493]&#xa;	(No symbol) [0x00007FF7D66909B1]&#xa;	(No symbol) [0x00007FF7D6691B11]&#xa;	GetHandleVerifier [0x00007FF7D6B38C5D+3295277]&#xa;	GetHandleVerifier [0x00007FF7D6B84843+3605523]&#xa;	GetHandleVerifier [0x00007FF7D6B7A707+3564247]&#xa;	GetHandleVerifier [0x00007FF7D68D6EB6+797318]&#xa;	(No symbol) [0x00007FF7D679980F]&#xa;	(No symbol) [0x00007FF7D67953F4]&#xa;	(No symbol) [0x00007FF7D6795580]&#xa;	(No symbol) [0x00007FF7D6784A1F]&#xa;	BaseThreadInitThunk [0x00007FFFFF49257D+29]&#xa;	RtlUserThreadStart [0x00007FFFFFE2AF08+40]&#xa;&#xa;	at java.base/jdk.internal.reflect.NativeConstructorAccessorImpl.newInstance0(Native Method)&#xa;	at java.base/jdk.internal.reflect.NativeConstructorAccessorImpl.newInstance(NativeConstructorAccessorImpl.java:77)&#xa;	at java.base/jdk.internal.reflect.DelegatingConstructorAccessorImpl.newInstance(DelegatingConstructorAccessorImpl.java:45)&#xa;	at org.openqa.selenium.remote.W3CHandshakeResponse.lambda$errorHandler$0(W3CHandshakeResponse.java:62)&#xa;	at org.openqa.selenium.remote.HandshakeResponse.lambda$getResponseFunction$0(HandshakeResponse.java:30)&#xa;	at org.openqa.selenium.remote.ProtocolHandshake.lambda$createSession$0(ProtocolHandshake.java:126)&#xa;	at org.openqa.selenium.remote.ProtocolHandshake.createSession(ProtocolHandshake.java:128)&#xa;	at org.openqa.selenium.remote.ProtocolHandshake.createSession(ProtocolHandshake.java:74)&#xa;	at org.openqa.selenium.remote.HttpCommandExecutor.execute(HttpCommandExecutor.java:136)&#xa;	at org.openqa.selenium.remote.service.DriverCommandExecutor.execute(DriverCommandExecutor.java:83)&#xa;	at org.openqa.selenium.remote.RemoteWebDriver.execute(RemoteWebDriver.java:552)&#xa;	at com.kms.katalon.selenium.driver.CChromeDriver.execute(CChromeDriver.java:19)&#xa;	at org.openqa.selenium.remote.RemoteWebDriver.startSession(RemoteWebDriver.java:213)&#xa;	at org.openqa.selenium.remote.RemoteWebDriver.&lt;init>(RemoteWebDriver.java:131)&#xa;	at org.openqa.selenium.chrome.ChromeDriver.&lt;init>(ChromeDriver.java:181)&#xa;	at org.openqa.selenium.chrome.ChromeDriver.&lt;init>(ChromeDriver.java:147)&#xa;	at com.kms.katalon.selenium.driver.CChromeDriver.&lt;init>(CChromeDriver.java:13)&#xa;	at com.kms.katalon.core.webui.driver.DriverFactory.createNewChromeDriver(DriverFactory.java:449)&#xa;	at com.kms.katalon.core.webui.driver.DriverFactory.startNewBrowser(DriverFactory.java:382)&#xa;	at com.kms.katalon.core.webui.driver.DriverFactory.openWebDriver(DriverFactory.java:271)&#xa;	at com.kms.katalon.core.webui.keyword.builtin.OpenBrowserKeyword$_openBrowser_closure1.doCall(OpenBrowserKeyword.groovy:74)&#xa;	at com.kms.katalon.core.webui.keyword.builtin.OpenBrowserKeyword$_openBrowser_closure1.call(OpenBrowserKeyword.groovy)&#xa;	at com.kms.katalon.core.webui.keyword.internal.WebUIKeywordMain.runKeyword(WebUIKeywordMain.groovy:20)&#xa;	... 25 more&#xa;"/>
         <system-out><![CDATA[20-10-2024T16:38:09 - [TEST_CASE][FAILED] - Test Cases/MOZ-10510/TC 8_MOZ_11449 Verify the Availability of Group By,My Filters, and Download Options in the Local Settlements Module: Test Cases/MOZ-10510/TC 8_MOZ_11449 Verify the Availability of Group By,My Filters, and Download Options in the Local Settlements Module FAILED.
Reason:
com.kms.katalon.core.exception.StepFailedException: Unable to open browser with url: ''
	at com.kms.katalon.core.webui.keyword.internal.WebUIKeywordMain.stepFailed(WebUIKeywordMain.groovy:64)
	at com.kms.katalon.core.webui.keyword.internal.WebUIKeywordMain.runKeyword(WebUIKeywordMain.groovy:26)
	at com.kms.katalon.core.webui.keyword.builtin.OpenBrowserKeyword.openBrowser(OpenBrowserKeyword.groovy:81)
	at com.kms.katalon.core.webui.keyword.builtin.OpenBrowserKeyword.execute(OpenBrowserKeyword.groovy:67)
	at com.kms.katalon.core.keyword.internal.KeywordExecutor.executeKeywordForPlatform(KeywordExecutor.groovy:74)
	at com.kms.katalon.core.webui.keyword.WebUiBuiltInKeywords.openBrowser(WebUiBuiltInKeywords.groovy:64)
	at demoPackage.MozartLogin.LoginWithChromeForEK(MozartLogin.groovy:47)
	at java.base/jdk.internal.reflect.NativeMethodAccessorImpl.invoke0(Native Method)
	at java.base/jdk.internal.reflect.NativeMethodAccessorImpl.invoke(NativeMethodAccessorImpl.java:77)
	at java.base/jdk.internal.reflect.DelegatingMethodAccessorImpl.invoke(DelegatingMethodAccessorImpl.java:43)
	at com.kms.katalon.core.main.CustomKeywordDelegatingMetaClass.invokeStaticMethod(CustomKeywordDelegatingMetaClass.java:55)
	at TC 8_MOZ_11449 Verify the Availability of Group By,My Filters, and Download Options in the Local Settlements Module.run(TC 8_MOZ_11449 Verify the Availability of Group By,My Filters, and Download Options in the Local Settlements Module:20)
	at com.kms.katalon.core.main.ScriptEngine.run(ScriptEngine.java:194)
	at com.kms.katalon.core.main.ScriptEngine.runScriptAsRawText(ScriptEngine.java:119)
	at com.kms.katalon.core.main.TestCaseExecutor.runScript(TestCaseExecutor.java:448)
	at com.kms.katalon.core.main.TestCaseExecutor.doExecute(TestCaseExecutor.java:439)
	at com.kms.katalon.core.main.TestCaseExecutor.processExecutionPhase(TestCaseExecutor.java:418)
	at com.kms.katalon.core.main.TestCaseExecutor.accessMainPhase(TestCaseExecutor.java:410)
	at com.kms.katalon.core.main.TestCaseExecutor.execute(TestCaseExecutor.java:285)
	at com.kms.katalon.core.common.CommonExecutor.accessTestCaseMainPhase(CommonExecutor.java:65)
	at com.kms.katalon.core.main.TestSuiteExecutor.accessTestSuiteMainPhase(TestSuiteExecutor.java:150)
	at com.kms.katalon.core.main.TestSuiteExecutor.execute(TestSuiteExecutor.java:106)
	at com.kms.katalon.core.main.TestCaseMain.startTestSuite(TestCaseMain.java:180)
	at TempTestSuite1729422392090.run(TempTestSuite1729422392090.groovy:35)
	at java.base/jdk.internal.reflect.NativeMethodAccessorImpl.invoke0(Native Method)
	at java.base/jdk.internal.reflect.NativeMethodAccessorImpl.invoke(NativeMethodAccessorImpl.java:77)
	at java.base/jdk.internal.reflect.DelegatingMethodAccessorImpl.invoke(DelegatingMethodAccessorImpl.java:43)
Caused by: org.openqa.selenium.SessionNotCreatedException: session not created: This version of ChromeDriver only supports Chrome version 128
Current browser version is 130.0.6723.58 with binary path C:\Program Files\Google\Chrome\Application\chrome.exe
Build info: version: '3.141.59', revision: 'unknown', time: 'unknown'
System info: host: 'CCE0231', ip: '192.168.1.6', os.name: 'Windows 11', os.arch: 'amd64', os.version: '10.0', java.version: '17.0.7'
Driver info: driver.version: CChromeDriver
remote stacktrace: 	GetHandleVerifier [0x00007FF7D681B5D2+29090]
	(No symbol) [0x00007FF7D678E689]
	(No symbol) [0x00007FF7D664B1CA]
	(No symbol) [0x00007FF7D668D6B2]
	(No symbol) [0x00007FF7D668C751]
	(No symbol) [0x00007FF7D668729C]
	(No symbol) [0x00007FF7D6681E0A]
	(No symbol) [0x00007FF7D66D236D]
	(No symbol) [0x00007FF7D66D1A20]
	(No symbol) [0x00007FF7D66C6493]
	(No symbol) [0x00007FF7D66909B1]
	(No symbol) [0x00007FF7D6691B11]
	GetHandleVerifier [0x00007FF7D6B38C5D+3295277]
	GetHandleVerifier [0x00007FF7D6B84843+3605523]
	GetHandleVerifier [0x00007FF7D6B7A707+3564247]
	GetHandleVerifier [0x00007FF7D68D6EB6+797318]
	(No symbol) [0x00007FF7D679980F]
	(No symbol) [0x00007FF7D67953F4]
	(No symbol) [0x00007FF7D6795580]
	(No symbol) [0x00007FF7D6784A1F]
	BaseThreadInitThunk [0x00007FFFFF49257D+29]
	RtlUserThreadStart [0x00007FFFFFE2AF08+40]

	at java.base/jdk.internal.reflect.NativeConstructorAccessorImpl.newInstance0(Native Method)
	at java.base/jdk.internal.reflect.NativeConstructorAccessorImpl.newInstance(NativeConstructorAccessorImpl.java:77)
	at java.base/jdk.internal.reflect.DelegatingConstructorAccessorImpl.newInstance(DelegatingConstructorAccessorImpl.java:45)
	at org.openqa.selenium.remote.W3CHandshakeResponse.lambda$errorHandler$0(W3CHandshakeResponse.java:62)
	at org.openqa.selenium.remote.HandshakeResponse.lambda$getResponseFunction$0(HandshakeResponse.java:30)
	at org.openqa.selenium.remote.ProtocolHandshake.lambda$createSession$0(ProtocolHandshake.java:126)
	at org.openqa.selenium.remote.ProtocolHandshake.createSession(ProtocolHandshake.java:128)
	at org.openqa.selenium.remote.ProtocolHandshake.createSession(ProtocolHandshake.java:74)
	at org.openqa.selenium.remote.HttpCommandExecutor.execute(HttpCommandExecutor.java:136)
	at org.openqa.selenium.remote.service.DriverCommandExecutor.execute(DriverCommandExecutor.java:83)
	at org.openqa.selenium.remote.RemoteWebDriver.execute(RemoteWebDriver.java:552)
	at com.kms.katalon.selenium.driver.CChromeDriver.execute(CChromeDriver.java:19)
	at org.openqa.selenium.remote.RemoteWebDriver.startSession(RemoteWebDriver.java:213)
	at org.openqa.selenium.remote.RemoteWebDriver.<init>(RemoteWebDriver.java:131)
	at org.openqa.selenium.chrome.ChromeDriver.<init>(ChromeDriver.java:181)
	at org.openqa.selenium.chrome.ChromeDriver.<init>(ChromeDriver.java:147)
	at com.kms.katalon.selenium.driver.CChromeDriver.<init>(CChromeDriver.java:13)
	at com.kms.katalon.core.webui.driver.DriverFactory.createNewChromeDriver(DriverFactory.java:449)
	at com.kms.katalon.core.webui.driver.DriverFactory.startNewBrowser(DriverFactory.java:382)
	at com.kms.katalon.core.webui.driver.DriverFactory.openWebDriver(DriverFactory.java:271)
	at com.kms.katalon.core.webui.keyword.builtin.OpenBrowserKeyword$_openBrowser_closure1.doCall(OpenBrowserKeyword.groovy:74)
	at com.kms.katalon.core.webui.keyword.builtin.OpenBrowserKeyword$_openBrowser_closure1.call(OpenBrowserKeyword.groovy)
	at com.kms.katalon.core.webui.keyword.internal.WebUIKeywordMain.runKeyword(WebUIKeywordMain.groovy:20)
	... 25 more


20-10-2024T16:38:10 - [TEST_STEP][FAILED] - demoPackage.MozartLogin.LoginWithChromeForEK(): Unable to open browser with url: ''

20-10-2024T16:38:10 - [MESSAGE][INFO] - Starting 'Chrome' driver

20-10-2024T16:38:10 - [MESSAGE][INFO] - Action delay is set to 0 milliseconds

20-10-2024T16:38:13 - [MESSAGE][FAILED] - Unable to open browser with url: '' (Root cause: com.kms.katalon.core.exception.StepFailedException: Unable to open browser with url: ''
	at com.kms.katalon.core.webui.keyword.internal.WebUIKeywordMain.stepFailed(WebUIKeywordMain.groovy:64)
	at com.kms.katalon.core.webui.keyword.internal.WebUIKeywordMain.runKeyword(WebUIKeywordMain.groovy:26)
	at com.kms.katalon.core.webui.keyword.builtin.OpenBrowserKeyword.openBrowser(OpenBrowserKeyword.groovy:81)
	at com.kms.katalon.core.webui.keyword.builtin.OpenBrowserKeyword.execute(OpenBrowserKeyword.groovy:67)
	at com.kms.katalon.core.keyword.internal.KeywordExecutor.executeKeywordForPlatform(KeywordExecutor.groovy:74)
	at com.kms.katalon.core.webui.keyword.WebUiBuiltInKeywords.openBrowser(WebUiBuiltInKeywords.groovy:64)
	at demoPackage.MozartLogin.LoginWithChromeForEK(MozartLogin.groovy:47)
	at java.base/jdk.internal.reflect.NativeMethodAccessorImpl.invoke0(Native Method)
	at java.base/jdk.internal.reflect.NativeMethodAccessorImpl.invoke(NativeMethodAccessorImpl.java:77)
	at java.base/jdk.internal.reflect.DelegatingMethodAccessorImpl.invoke(DelegatingMethodAccessorImpl.java:43)
	at com.kms.katalon.core.main.CustomKeywordDelegatingMetaClass.invokeStaticMethod(CustomKeywordDelegatingMetaClass.java:55)
	at TC 8_MOZ_11449 Verify the Availability of Group By,My Filters, and Download Options in the Local Settlements Module.run(TC 8_MOZ_11449 Verify the Availability of Group By,My Filters, and Download Options in the Local Settlements Module:20)
	at com.kms.katalon.core.main.ScriptEngine.run(ScriptEngine.java:194)
	at com.kms.katalon.core.main.ScriptEngine.runScriptAsRawText(ScriptEngine.java:119)
	at com.kms.katalon.core.main.TestCaseExecutor.runScript(TestCaseExecutor.java:448)
	at com.kms.katalon.core.main.TestCaseExecutor.doExecute(TestCaseExecutor.java:439)
	at com.kms.katalon.core.main.TestCaseExecutor.processExecutionPhase(TestCaseExecutor.java:418)
	at com.kms.katalon.core.main.TestCaseExecutor.accessMainPhase(TestCaseExecutor.java:410)
	at com.kms.katalon.core.main.TestCaseExecutor.execute(TestCaseExecutor.java:285)
	at com.kms.katalon.core.common.CommonExecutor.accessTestCaseMainPhase(CommonExecutor.java:65)
	at com.kms.katalon.core.main.TestSuiteExecutor.accessTestSuiteMainPhase(TestSuiteExecutor.java:150)
	at com.kms.katalon.core.main.TestSuiteExecutor.execute(TestSuiteExecutor.java:106)
	at com.kms.katalon.core.main.TestCaseMain.startTestSuite(TestCaseMain.java:180)
	at TempTestSuite1729422392090.run(TempTestSuite1729422392090.groovy:35)
[...]
	at java.base/jdk.internal.reflect.NativeMethodAccessorImpl.invoke(NativeMethodAccessorImpl.java:77)
	at java.base/jdk.internal.reflect.DelegatingMethodAccessorImpl.invoke(DelegatingMethodAccessorImpl.java:43)
	at com.kms.katalon.core.main.CustomKeywordDelegatingMetaClass.invokeStaticMethod(CustomKeywordDelegatingMetaClass.java:55)
	at Script1721131028117.run(Script1721131028117.groovy:21)
	... 15 more
)

20-10-2024T16:38:40 - [MESSAGE][FAILED] - Unable to open browser with url: '']]></system-out>
         <system-err><![CDATA[20-10-2024T16:38:36 - [TEST_CASE][FAILED] - Test Cases/MOZ-10510/TC 1_MOZ_11444 Verify Creation of the Local Settlements Module in Mozart: Test Cases/MOZ-10510/TC 1_MOZ_11444 Verify Creation of the Local Settlements Module in Mozart FAILED.
Reason:
com.kms.katalon.core.exception.StepFailedException: Unable to open browser with url: ''
	at com.kms.katalon.core.webui.keyword.internal.WebUIKeywordMain.stepFailed(WebUIKeywordMain.groovy:64)
	at com.kms.katalon.core.webui.keyword.internal.WebUIKeywordMain.runKeyword(WebUIKeywordMain.groovy:26)
	at com.kms.katalon.core.webui.keyword.builtin.OpenBrowserKeyword.openBrowser(OpenBrowserKeyword.groovy:81)
	at com.kms.katalon.core.webui.keyword.builtin.OpenBrowserKeyword.execute(OpenBrowserKeyword.groovy:67)
	at com.kms.katalon.core.keyword.internal.KeywordExecutor.executeKeywordForPlatform(KeywordExecutor.groovy:74)
	at com.kms.katalon.core.webui.keyword.WebUiBuiltInKeywords.openBrowser(WebUiBuiltInKeywords.groovy:64)
	at demoPackage.MozartLogin.LoginWithChromeForEK(MozartLogin.groovy:47)
	at java.base/jdk.internal.reflect.NativeMethodAccessorImpl.invoke0(Native Method)
	at java.base/jdk.internal.reflect.NativeMethodAccessorImpl.invoke(NativeMethodAccessorImpl.java:77)
	at java.base/jdk.internal.reflect.DelegatingMethodAccessorImpl.invoke(DelegatingMethodAccessorImpl.java:43)
	at com.kms.katalon.core.main.CustomKeywordDelegatingMetaClass.invokeStaticMethod(CustomKeywordDelegatingMetaClass.java:55)
	at TC 1_MOZ_11444 Verify Creation of the Local Settlements Module in Mozart.run(TC 1_MOZ_11444 Verify Creation of the Local Settlements Module in Mozart:21)
	at com.kms.katalon.core.main.ScriptEngine.run(ScriptEngine.java:194)
	at com.kms.katalon.core.main.ScriptEngine.runScriptAsRawText(ScriptEngine.java:119)
	at com.kms.katalon.core.main.TestCaseExecutor.runScript(TestCaseExecutor.java:448)
	at com.kms.katalon.core.main.TestCaseExecutor.doExecute(TestCaseExecutor.java:439)
	at com.kms.katalon.core.main.TestCaseExecutor.processExecutionPhase(TestCaseExecutor.java:418)
	at com.kms.katalon.core.main.TestCaseExecutor.accessMainPhase(TestCaseExecutor.java:410)
	at com.kms.katalon.core.main.TestCaseExecutor.execute(TestCaseExecutor.java:285)
	at com.kms.katalon.core.common.CommonExecutor.accessTestCaseMainPhase(CommonExecutor.java:65)
	at com.kms.katalon.core.main.TestSuiteExecutor.accessTestSuiteMainPhase(TestSuiteExecutor.java:150)
	at com.kms.katalon.core.main.TestSuiteExecutor.execute(TestSuiteExecutor.java:106)
	at com.kms.katalon.core.main.TestCaseMain.startTestSuite(TestCaseMain.java:180)
	at TempTestSuite1729422392090.run(TempTestSuite1729422392090.groovy:35)
	at java.base/jdk.internal.reflect.NativeMethodAccessorImpl.invoke0(Native Method)
	at java.base/jdk.internal.reflect.NativeMethodAccessorImpl.invoke(NativeMethodAccessorImpl.java:77)
	at java.base/jdk.internal.reflect.DelegatingMethodAccessorImpl.invoke(DelegatingMethodAccessorImpl.java:43)
Caused by: org.openqa.selenium.SessionNotCreatedException: session not created: This version of ChromeDriver only supports Chrome version 128
Current browser version is 130.0.6723.58 with binary path C:\Program Files\Google\Chrome\Application\chrome.exe
Build info: version: '3.141.59', revision: 'unknown', time: 'unknown'
System info: host: 'CCE0231', ip: '192.168.1.6', os.name: 'Windows 11', os.arch: 'amd64', os.version: '10.0', java.version: '17.0.7'
Driver info: driver.version: CChromeDriver
remote stacktrace: 	GetHandleVerifier [0x00007FF7D681B5D2+29090]
	(No symbol) [0x00007FF7D678E689]
	(No symbol) [0x00007FF7D664B1CA]
	(No symbol) [0x00007FF7D668D6B2]
	(No symbol) [0x00007FF7D668C751]
	(No symbol) [0x00007FF7D668729C]
	(No symbol) [0x00007FF7D6681E0A]
	(No symbol) [0x00007FF7D66D236D]
	(No symbol) [0x00007FF7D66D1A20]
	(No symbol) [0x00007FF7D66C6493]
	(No symbol) [0x00007FF7D66909B1]
	(No symbol) [0x00007FF7D6691B11]
	GetHandleVerifier [0x00007FF7D6B38C5D+3295277]
	GetHandleVerifier [0x00007FF7D6B84843+3605523]
	GetHandleVerifier [0x00007FF7D6B7A707+3564247]
	GetHandleVerifier [0x00007FF7D68D6EB6+797318]
	(No symbol) [0x00007FF7D679980F]
	(No symbol) [0x00007FF7D67953F4]
	(No symbol) [0x00007FF7D6795580]
	(No symbol) [0x00007FF7D6784A1F]
	BaseThreadInitThunk [0x00007FFFFF49257D+29]
	RtlUserThreadStart [0x00007FFFFFE2AF08+40]

	at java.base/jdk.internal.reflect.NativeConstructorAccessorImpl.newInstance0(Native Method)
	at java.base/jdk.internal.reflect.NativeConstructorAccessorImpl.newInstance(NativeConstructorAccessorImpl.java:77)
	at java.base/jdk.internal.reflect.DelegatingConstructorAccessorImpl.newInstance(DelegatingConstructorAccessorImpl.java:45)
	at org.openqa.selenium.remote.W3CHandshakeResponse.lambda$errorHandler$0(W3CHandshakeResponse.java:62)
	at org.openqa.selenium.remote.HandshakeResponse.lambda$getResponseFunction$0(HandshakeResponse.java:30)
	at org.openqa.selenium.remote.ProtocolHandshake.lambda$createSession$0(ProtocolHandshake.java:126)
	at org.openqa.selenium.remote.ProtocolHandshake.createSession(ProtocolHandshake.java:128)
	at org.openqa.selenium.remote.ProtocolHandshake.createSession(ProtocolHandshake.java:74)
	at org.openqa.selenium.remote.HttpCommandExecutor.execute(HttpCommandExecutor.java:136)
	at org.openqa.selenium.remote.service.DriverCommandExecutor.execute(DriverCommandExecutor.java:83)
	at org.openqa.selenium.remote.RemoteWebDriver.execute(RemoteWebDriver.java:552)
	at com.kms.katalon.selenium.driver.CChromeDriver.execute(CChromeDriver.java:19)
	at org.openqa.selenium.remote.RemoteWebDriver.startSession(RemoteWebDriver.java:213)
	at org.openqa.selenium.remote.RemoteWebDriver.<init>(RemoteWebDriver.java:131)
	at org.openqa.selenium.chrome.ChromeDriver.<init>(ChromeDriver.java:181)
	at org.openqa.selenium.chrome.ChromeDriver.<init>(ChromeDriver.java:147)
	at com.kms.katalon.selenium.driver.CChromeDriver.<init>(CChromeDriver.java:13)
	at com.kms.katalon.core.webui.driver.DriverFactory.createNewChromeDriver(DriverFactory.java:449)
	at com.kms.katalon.core.webui.driver.DriverFactory.startNewBrowser(DriverFactory.java:382)
	at com.kms.katalon.core.webui.driver.DriverFactory.openWebDriver(DriverFactory.java:271)
	at com.kms.katalon.core.webui.keyword.builtin.OpenBrowserKeyword$_openBrowser_closure1.doCall(OpenBrowserKeyword.groovy:74)
	at com.kms.katalon.core.webui.keyword.builtin.OpenBrowserKeyword$_openBrowser_closure1.call(OpenBrowserKeyword.groovy)
	at com.kms.katalon.core.webui.keyword.internal.WebUIKeywordMain.runKeyword(WebUIKeywordMain.groovy:20)
	... 25 more]]></system-err>
      </testcase>
      <system-out><![CDATA[20-10-2024T16:37:02 - [TEST_SUITE][FAILED] - Suite MOZ-10510: Test Cases/MOZ-10510/TC10_MOZ_11451 Display of Refundable Amount and FOP in the Grid FAILED.
Reason:
com.kms.katalon.core.exception.StepFailedException: Unable to open browser with url: ''
	at com.kms.katalon.core.webui.keyword.internal.WebUIKeywordMain.stepFailed(WebUIKeywordMain.groovy:64)
	at com.kms.katalon.core.webui.keyword.internal.WebUIKeywordMain.runKeyword(WebUIKeywordMain.groovy:26)
	at com.kms.katalon.core.webui.keyword.builtin.OpenBrowserKeyword.openBrowser(OpenBrowserKeyword.groovy:81)
	at com.kms.katalon.core.webui.keyword.builtin.OpenBrowserKeyword.execute(OpenBrowserKeyword.groovy:67)
	at com.kms.katalon.core.keyword.internal.KeywordExecutor.executeKeywordForPlatform(KeywordExecutor.groovy:74)
	at com.kms.katalon.core.webui.keyword.WebUiBuiltInKeywords.openBrowser(WebUiBuiltInKeywords.groovy:64)
	at demoPackage.MozartLogin.LoginWithChromeForEK(MozartLogin.groovy:47)
	at java.base/jdk.internal.reflect.NativeMethodAccessorImpl.invoke0(Native Method)
	at java.base/jdk.internal.reflect.NativeMethodAccessorImpl.invoke(NativeMethodAccessorImpl.java:77)
	at java.base/jdk.internal.reflect.DelegatingMethodAccessorImpl.invoke(DelegatingMethodAccessorImpl.java:43)
	at com.kms.katalon.core.main.CustomKeywordDelegatingMetaClass.invokeStaticMethod(CustomKeywordDelegatingMetaClass.java:55)
	at TC10_MOZ_11451 Display of Refundable Amount and FOP in the Grid.run(TC10_MOZ_11451 Display of Refundable Amount and FOP in the Grid:40)
	at com.kms.katalon.core.main.ScriptEngine.run(ScriptEngine.java:194)
	at com.kms.katalon.core.main.ScriptEngine.runScriptAsRawText(ScriptEngine.java:119)
	at com.kms.katalon.core.main.TestCaseExecutor.runScript(TestCaseExecutor.java:448)
	at com.kms.katalon.core.main.TestCaseExecutor.doExecute(TestCaseExecutor.java:439)
	at com.kms.katalon.core.main.TestCaseExecutor.processExecutionPhase(TestCaseExecutor.java:418)
	at com.kms.katalon.core.main.TestCaseExecutor.accessMainPhase(TestCaseExecutor.java:410)
	at com.kms.katalon.core.main.TestCaseExecutor.execute(TestCaseExecutor.java:285)
	at com.kms.katalon.core.common.CommonExecutor.accessTestCaseMainPhase(CommonExecutor.java:65)
	at com.kms.katalon.core.main.TestSuiteExecutor.accessTestSuiteMainPhase(TestSuiteExecutor.java:150)
	at com.kms.katalon.core.main.TestSuiteExecutor.execute(TestSuiteExecutor.java:106)
	at com.kms.katalon.core.main.TestCaseMain.startTestSuite(TestCaseMain.java:180)
	at TempTestSuite1729422392090.run(TempTestSuite1729422392090.groovy:35)
	at java.base/jdk.internal.reflect.NativeMethodAccessorImpl.invoke0(Native Method)
	at java.base/jdk.internal.reflect.NativeMethodAccessorImpl.invoke(NativeMethodAccessorImpl.java:77)
	at java.base/jdk.internal.reflect.DelegatingMethodAccessorImpl.invoke(DelegatingMethodAccessorImpl.java:43)
Caused by: org.openqa.selenium.SessionNotCreatedException: session not created: This version of ChromeDriver only supports Chrome version 128
Current browser version is 130.0.6723.58 with binary path C:\Program Files\Google\Chrome\Application\chrome.exe
Build info: version: '3.141.59', revision: 'unknown', time: 'unknown'
System info: host: 'CCE0231', ip: '192.168.1.6', os.name: 'Windows 11', os.arch: 'amd64', os.version: '10.0', java.version: '17.0.7'
Driver info: driver.version: CChromeDriver
remote stacktrace: 	GetHandleVerifier [0x00007FF7D681B5D2+29090]
	(No symbol) [0x00007FF7D678E689]
	(No symbol) [0x00007FF7D664B1CA]
	(No symbol) [0x00007FF7D668D6B2]
	(No symbol) [0x00007FF7D668C751]
	(No symbol) [0x00007FF7D668729C]
	(No symbol) [0x00007FF7D6681E0A]
	(No symbol) [0x00007FF7D66D236D]
	(No symbol) [0x00007FF7D66D1A20]
	(No symbol) [0x00007FF7D66C6493]
	(No symbol) [0x00007FF7D66909B1]
	(No symbol) [0x00007FF7D6691B11]
	GetHandleVerifier [0x00007FF7D6B38C5D+3295277]
	GetHandleVerifier [0x00007FF7D6B84843+3605523]
	GetHandleVerifier [0x00007FF7D6B7A707+3564247]
	GetHandleVerifier [0x00007FF7D68D6EB6+797318]
	(No symbol) [0x00007FF7D679980F]
	(No symbol) [0x00007FF7D67953F4]
	(No symbol) [0x00007FF7D6795580]
	(No symbol) [0x00007FF7D6784A1F]
	BaseThreadInitThunk [0x00007FFFFF49257D+29]
	RtlUserThreadStart [0x00007FFFFFE2AF08+40]

	at java.base/jdk.internal.reflect.NativeConstructorAccessorImpl.newInstance0(Native Method)
	at java.base/jdk.internal.reflect.NativeConstructorAccessorImpl.newInstance(NativeConstructorAccessorImpl.java:77)
	at java.base/jdk.internal.reflect.DelegatingConstructorAccessorImpl.newInstance(DelegatingConstructorAccessorImpl.java:45)
	at org.openqa.selenium.remote.W3CHandshakeResponse.lambda$errorHandler$0(W3CHandshakeResponse.java:62)
	at org.openqa.selenium.remote.HandshakeResponse.lambda$getResponseFunction$0(HandshakeResponse.java:30)
	at org.openqa.selenium.remote.ProtocolHandshake.lambda$createSession$0(ProtocolHandshake.java:126)
	at org.openqa.selenium.remote.ProtocolHandshake.createSession(ProtocolHandshake.java:128)
	at org.openqa.selenium.remote.ProtocolHandshake.createSession(ProtocolHandshake.java:74)
	at org.openqa.selenium.remote.HttpCommandExecutor.execute(HttpCommandExecutor.java:136)
	at org.openqa.selenium.remote.service.DriverCommandExecutor.execute(DriverCommandExecutor.java:83)
	at org.openqa.selenium.remote.RemoteWebDriver.execute(RemoteWebDriver.java:552)
	at com.kms.katalon.selenium.driver.CChromeDriver.execute(CChromeDriver.java:19)
	at org.openqa.selenium.remote.RemoteWebDriver.startSession(RemoteWebDriver.java:213)
	at org.openqa.selenium.remote.RemoteWebDriver.<init>(RemoteWebDriver.java:131)
	at org.openqa.selenium.chrome.ChromeDriver.<init>(ChromeDriver.java:181)
	at org.openqa.selenium.chrome.ChromeDriver.<init>(ChromeDriver.java:147)
	at com.kms.katalon.selenium.driver.CChromeDriver.<init>(CChromeDriver.java:13)
	at com.kms.katalon.core.webui.driver.DriverFactory.createNewChromeDriver(DriverFactory.java:449)
	at com.kms.katalon.core.webui.driver.DriverFactory.startNewBrowser(DriverFactory.java:382)
	at com.kms.katalon.core.webui.driver.DriverFactory.openWebDriver(DriverFactory.java:271)
	at com.kms.katalon.core.webui.keyword.builtin.OpenBrowserKeyword$_openBrowser_closure1.doCall(OpenBrowserKeyword.groovy:74)
	at com.kms.katalon.core.webui.keyword.builtin.OpenBrowserKeyword$_openBrowser_closure1.call(OpenBrowserKeyword.groovy)
	at com.kms.katalon.core.webui.keyword.internal.WebUIKeywordMain.runKeyword(WebUIKeywordMain.groovy:20)
	... 25 more]]></system-out>
      <system-err><![CDATA[20-10-2024T16:37:02 - [TEST_SUITE][FAILED] - Suite MOZ-10510: Test Cases/MOZ-10510/TC10_MOZ_11451 Display of Refundable Amount and FOP in the Grid FAILED.
Reason:
com.kms.katalon.core.exception.StepFailedException: Unable to open browser with url: ''
	at com.kms.katalon.core.webui.keyword.internal.WebUIKeywordMain.stepFailed(WebUIKeywordMain.groovy:64)
	at com.kms.katalon.core.webui.keyword.internal.WebUIKeywordMain.runKeyword(WebUIKeywordMain.groovy:26)
	at com.kms.katalon.core.webui.keyword.builtin.OpenBrowserKeyword.openBrowser(OpenBrowserKeyword.groovy:81)
	at com.kms.katalon.core.webui.keyword.builtin.OpenBrowserKeyword.execute(OpenBrowserKeyword.groovy:67)
	at com.kms.katalon.core.keyword.internal.KeywordExecutor.executeKeywordForPlatform(KeywordExecutor.groovy:74)
	at com.kms.katalon.core.webui.keyword.WebUiBuiltInKeywords.openBrowser(WebUiBuiltInKeywords.groovy:64)
	at demoPackage.MozartLogin.LoginWithChromeForEK(MozartLogin.groovy:47)
	at java.base/jdk.internal.reflect.NativeMethodAccessorImpl.invoke0(Native Method)
	at java.base/jdk.internal.reflect.NativeMethodAccessorImpl.invoke(NativeMethodAccessorImpl.java:77)
	at java.base/jdk.internal.reflect.DelegatingMethodAccessorImpl.invoke(DelegatingMethodAccessorImpl.java:43)
	at com.kms.katalon.core.main.CustomKeywordDelegatingMetaClass.invokeStaticMethod(CustomKeywordDelegatingMetaClass.java:55)
	at TC10_MOZ_11451 Display of Refundable Amount and FOP in the Grid.run(TC10_MOZ_11451 Display of Refundable Amount and FOP in the Grid:40)
	at com.kms.katalon.core.main.ScriptEngine.run(ScriptEngine.java:194)
	at com.kms.katalon.core.main.ScriptEngine.runScriptAsRawText(ScriptEngine.java:119)
	at com.kms.katalon.core.main.TestCaseExecutor.runScript(TestCaseExecutor.java:448)
	at com.kms.katalon.core.main.TestCaseExecutor.doExecute(TestCaseExecutor.java:439)
	at com.kms.katalon.core.main.TestCaseExecutor.processExecutionPhase(TestCaseExecutor.java:418)
	at com.kms.katalon.core.main.TestCaseExecutor.accessMainPhase(TestCaseExecutor.java:410)
	at com.kms.katalon.core.main.TestCaseExecutor.execute(TestCaseExecutor.java:285)
	at com.kms.katalon.core.common.CommonExecutor.accessTestCaseMainPhase(CommonExecutor.java:65)
	at com.kms.katalon.core.main.TestSuiteExecutor.accessTestSuiteMainPhase(TestSuiteExecutor.java:150)
	at com.kms.katalon.core.main.TestSuiteExecutor.execute(TestSuiteExecutor.java:106)
	at com.kms.katalon.core.main.TestCaseMain.startTestSuite(TestCaseMain.java:180)
	at TempTestSuite1729422392090.run(TempTestSuite1729422392090.groovy:35)
	at java.base/jdk.internal.reflect.NativeMethodAccessorImpl.invoke0(Native Method)
	at java.base/jdk.internal.reflect.NativeMethodAccessorImpl.invoke(NativeMethodAccessorImpl.java:77)
	at java.base/jdk.internal.reflect.DelegatingMethodAccessorImpl.invoke(DelegatingMethodAccessorImpl.java:43)
Caused by: org.openqa.selenium.SessionNotCreatedException: session not created: This version of ChromeDriver only supports Chrome version 128
Current browser version is 130.0.6723.58 with binary path C:\Program Files\Google\Chrome\Application\chrome.exe
Build info: version: '3.141.59', revision: 'unknown', time: 'unknown'
System info: host: 'CCE0231', ip: '192.168.1.6', os.name: 'Windows 11', os.arch: 'amd64', os.version: '10.0', java.version: '17.0.7'
Driver info: driver.version: CChromeDriver
remote stacktrace: 	GetHandleVerifier [0x00007FF7D681B5D2+29090]
	(No symbol) [0x00007FF7D678E689]
	(No symbol) [0x00007FF7D664B1CA]
	(No symbol) [0x00007FF7D668D6B2]
	(No symbol) [0x00007FF7D668C751]
	(No symbol) [0x00007FF7D668729C]
	(No symbol) [0x00007FF7D6681E0A]
	(No symbol) [0x00007FF7D66D236D]
	(No symbol) [0x00007FF7D66D1A20]
	(No symbol) [0x00007FF7D66C6493]
	(No symbol) [0x00007FF7D66909B1]
	(No symbol) [0x00007FF7D6691B11]
	GetHandleVerifier [0x00007FF7D6B38C5D+3295277]
	GetHandleVerifier [0x00007FF7D6B84843+3605523]
	GetHandleVerifier [0x00007FF7D6B7A707+3564247]
	GetHandleVerifier [0x00007FF7D68D6EB6+797318]
	(No symbol) [0x00007FF7D679980F]
	(No symbol) [0x00007FF7D67953F4]
	(No symbol) [0x00007FF7D6795580]
	(No symbol) [0x00007FF7D6784A1F]
	BaseThreadInitThunk [0x00007FFFFF49257D+29]
	RtlUserThreadStart [0x00007FFFFFE2AF08+40]

	at java.base/jdk.internal.reflect.NativeConstructorAccessorImpl.newInstance0(Native Method)
	at java.base/jdk.internal.reflect.NativeConstructorAccessorImpl.newInstance(NativeConstructorAccessorImpl.java:77)
	at java.base/jdk.internal.reflect.DelegatingConstructorAccessorImpl.newInstance(DelegatingConstructorAccessorImpl.java:45)
	at org.openqa.selenium.remote.W3CHandshakeResponse.lambda$errorHandler$0(W3CHandshakeResponse.java:62)
	at org.openqa.selenium.remote.HandshakeResponse.lambda$getResponseFunction$0(HandshakeResponse.java:30)
	at org.openqa.selenium.remote.ProtocolHandshake.lambda$createSession$0(ProtocolHandshake.java:126)
	at org.openqa.selenium.remote.ProtocolHandshake.createSession(ProtocolHandshake.java:128)
	at org.openqa.selenium.remote.ProtocolHandshake.createSession(ProtocolHandshake.java:74)
	at org.openqa.selenium.remote.HttpCommandExecutor.execute(HttpCommandExecutor.java:136)
	at org.openqa.selenium.remote.service.DriverCommandExecutor.execute(DriverCommandExecutor.java:83)
	at org.openqa.selenium.remote.RemoteWebDriver.execute(RemoteWebDriver.java:552)
	at com.kms.katalon.selenium.driver.CChromeDriver.execute(CChromeDriver.java:19)
	at org.openqa.selenium.remote.RemoteWebDriver.startSession(RemoteWebDriver.java:213)
	at org.openqa.selenium.remote.RemoteWebDriver.<init>(RemoteWebDriver.java:131)
	at org.openqa.selenium.chrome.ChromeDriver.<init>(ChromeDriver.java:181)
	at org.openqa.selenium.chrome.ChromeDriver.<init>(ChromeDriver.java:147)
	at com.kms.katalon.selenium.driver.CChromeDriver.<init>(CChromeDriver.java:13)
	at com.kms.katalon.core.webui.driver.DriverFactory.createNewChromeDriver(DriverFactory.java:449)
	at com.kms.katalon.core.webui.driver.DriverFactory.startNewBrowser(DriverFactory.java:382)
	at com.kms.katalon.core.webui.driver.DriverFactory.openWebDriver(DriverFactory.java:271)
	at com.kms.katalon.core.webui.keyword.builtin.OpenBrowserKeyword$_openBrowser_closure1.doCall(OpenBrowserKeyword.groovy:74)
	at com.kms.katalon.core.webui.keyword.builtin.OpenBrowserKeyword$_openBrowser_closure1.call(OpenBrowserKeyword.groovy)
	at com.kms.katalon.core.webui.keyword.internal.WebUIKeywordMain.runKeyword(WebUIKeywordMain.groovy:20)
	... 25 more]]></system-err>
   </testsuite>
</testsuites>
